\BOOKMARK [1][-]{section.1}{\376\377\000I\000n\000t\000r\000o\000d\000u\000c\000t\000i\000o\000n\000\040\000t\000o\000\040\000R\000a\000y\000\040\000t\000r\000a\000c\000i\000n\000g}{}% 1
\BOOKMARK [2][-]{subsection.1.1}{\376\377\000O\000v\000e\000r\000v\000i\000e\000w}{section.1}% 2
\BOOKMARK [2][-]{subsection.1.2}{\376\377\000M\000o\000t\000i\000v\000a\000t\000i\000o\000n\000\040\000o\000f\000\040\000u\000s\000i\000n\000g\000\040\000a\000c\000c\000e\000l\000e\000r\000a\000t\000i\000o\000n\000\040\000d\000a\000t\000a\000\040\000s\000t\000r\000u\000c\000t\000u\000r\000e\000s}{section.1}% 3
\BOOKMARK [1][-]{section.2}{\376\377\000B\000o\000u\000n\000d\000i\000n\000g\000\040\000V\000o\000l\000u\000m\000e\000\040\000H\000i\000e\000r\000a\000r\000c\000h\000i\000e\000s\000\040\000\050\000B\000V\000H\000\051}{}% 4
\BOOKMARK [2][-]{subsection.2.1}{\376\377\000C\000o\000n\000c\000e\000p\000t}{section.2}% 5
\BOOKMARK [2][-]{subsection.2.2}{\376\377\000I\000m\000p\000l\000e\000m\000n\000t\000a\000t\000i\000o\000n}{section.2}% 6
\BOOKMARK [3][-]{subsubsection.2.2.1}{\376\377\000C\000o\000n\000s\000t\000r\000u\000c\000t\000i\000o\000n}{subsection.2.2}% 7
\BOOKMARK [3][-]{subsubsection.2.2.2}{\376\377\000V\000i\000s\000u\000a\000l\000\040\000I\000l\000l\000u\000s\000t\000r\000a\000t\000i\000o\000n}{subsection.2.2}% 8
\BOOKMARK [3][-]{subsubsection.2.2.3}{\376\377\000T\000r\000a\000v\000e\000r\000s\000a\000l}{subsection.2.2}% 9
\BOOKMARK [1][-]{section.3}{\376\377\000L\000i\000n\000e\000a\000r\000\040\000B\000o\000u\000n\000d\000i\000n\000g\000\040\000V\000o\000l\000u\000m\000e\000\040\000H\000i\000e\000r\000a\000r\000c\000h\000i\000e\000s\000\040\000\050\000L\000B\000V\000H\000\051}{}% 10
\BOOKMARK [2][-]{subsection.3.1}{\376\377\000C\000o\000n\000c\000e\000p\000t}{section.3}% 11
\BOOKMARK [3][-]{subsubsection.3.1.1}{\376\377\000M\000o\000r\000t\000o\000n\000\040\000C\000o\000d\000e\000\040\000a\000s\000\040\000a\000\040\000S\000p\000l\000i\000t\000t\000i\000n\000g\000\040\000C\000r\000i\000t\000e\000r\000i\000a}{subsection.3.1}% 12
\BOOKMARK [2][-]{subsection.3.2}{\376\377\000I\000m\000p\000l\000e\000m\000n\000t\000a\000t\000i\000o\000n}{section.3}% 13
\BOOKMARK [3][-]{subsubsection.3.2.1}{\376\377\000C\000o\000n\000s\000t\000r\000u\000c\000t\000i\000o\000n}{subsection.3.2}% 14
\BOOKMARK [1][-]{section.4}{\376\377\000K\000\040\000D\000i\000m\000e\000n\000s\000i\000o\000n\000a\000l\000\040\000T\000r\000e\000e\000\040\000\050\000K\000d\000-\000T\000r\000e\000e\000\051}{}% 15
\BOOKMARK [2][-]{subsection.4.1}{\376\377\000C\000o\000n\000c\000e\000p\000t}{section.4}% 16
\BOOKMARK [3][-]{subsubsection.4.1.1}{\376\377\000C\000o\000m\000p\000a\000c\000t\000\040\000t\000r\000e\000e\000\040\000r\000e\000p\000r\000e\000s\000e\000n\000t\000a\000t\000i\000o\000n}{subsection.4.1}% 17
\BOOKMARK [3][-]{subsubsection.4.1.2}{\376\377\000S\000u\000r\000f\000a\000c\000e\000\040\000A\000r\000e\000a\000\040\000H\000e\000u\000r\000i\000s\000t\000i\000c\000\040\000\050\000S\000A\000H\000\051}{subsection.4.1}% 18
\BOOKMARK [2][-]{subsection.4.2}{\376\377\000I\000m\000p\000l\000e\000m\000n\000t\000a\000t\000i\000o\000n}{section.4}% 19
\BOOKMARK [3][-]{subsubsection.4.2.1}{\376\377\000C\000o\000n\000s\000t\000r\000u\000c\000t\000i\000o\000n}{subsection.4.2}% 20
\BOOKMARK [3][-]{subsubsection.4.2.2}{\376\377\000T\000r\000a\000v\000e\000r\000s\000a\000l}{subsection.4.2}% 21
\BOOKMARK [1][-]{section.5}{\376\377\000P\000e\000r\000f\000o\000r\000m\000a\000n\000c\000e\000\040\000A\000n\000a\000l\000y\000s\000i\000s}{}% 22
\BOOKMARK [2][-]{subsection.5.1}{\376\377\000H\000o\000w\000\040\000t\000w\000e\000a\000k\000i\000n\000g\000\040\000t\000h\000e\000\040\000d\000a\000t\000a\000\040\000s\000t\000r\000u\000c\000t\000u\000r\000e\000\040\000p\000a\000r\000a\000m\000e\000t\000e\000r\000s\000\040\000a\000f\000f\000e\000c\000t\000\040\000p\000e\000r\000f\000o\000r\000m\000a\000n\000c\000e}{section.5}% 23
\BOOKMARK [2][-]{subsection.5.2}{\376\377\000I\000n\000v\000e\000s\000t\000i\000g\000a\000t\000i\000n\000g\000\040\000d\000i\000f\000f\000e\000r\000e\000n\000t\000\040\000d\000a\000t\000a\000\040\000s\000t\000r\000u\000c\000t\000u\000r\000e\000s}{section.5}% 24
\BOOKMARK [2][-]{subsection.5.3}{\376\377\000I\000n\000v\000e\000s\000t\000i\000g\000a\000t\000i\000n\000g\000\040\000m\000u\000c\000h\000\040\000m\000o\000r\000e\000\040\000c\000o\000m\000p\000l\000e\000x\000\040\000s\000c\000e\000n\000e\000s}{section.5}% 25
\BOOKMARK [3][-]{subsubsection.5.3.1}{\376\377\000T\000r\000e\000e\000s}{subsection.5.3}% 26
\BOOKMARK [3][-]{subsubsection.5.3.2}{\376\377\000S\000c\000i\000-\000F\000i\000\040\000T\000r\000o\000p\000i\000c\000a\000l\000\040\000C\000i\000t\000y}{subsection.5.3}% 27
\BOOKMARK [1][-]{section.6}{\376\377\000C\000o\000n\000c\000l\000u\000s\000i\000o\000n}{}% 28
\BOOKMARK [1][-]{section.6}{\376\377\000R\000e\000f\000e\000r\000e\000n\000c\000e\000s}{}% 29
