mktextfm ecrm1095+20
mktextfm ecrm1095-20
mktextfm ecrm1440+20
mktextfm ecrm1440-20
mktextfm ecrm2074+20
mktextfm ecrm2074-20
mktextfm ecbx2074+20
mktextfm ecbx2074-20
mktextfm ecrm2488+20
mktextfm ecrm2488-20
mktextfm cmr10+20
mktextfm cmr10-20
mktextfm cmr8+20
mktextfm cmr8-20
mktextfm cmr6+20
mktextfm cmr6-20
mktextfm cmbx10+20
mktextfm cmbx10-20
mktextfm cmbx8+20
mktextfm cmbx8-20
mktextfm cmbx6+20
mktextfm cmbx6-20
mktextfm cmr12+20
mktextfm cmr12-20
mktextfm cmr10+20
mktextfm cmr10-20
mktextfm cmr7+20
mktextfm cmr7-20
mktextfm cmbx12+20
mktextfm cmbx12-20
mktextfm cmbx10+20
mktextfm cmbx10-20
mktextfm cmbx7+20
mktextfm cmbx7-20
mktextfm ecrm1000+20
mktextfm ecrm1000-20
mktextfm ecbx1095+20
mktextfm ecbx1095-20
mktextfm ecss1095+20
mktextfm ecss1095-20
mktextfm ecsx1095+20
mktextfm ecsx1095-20
mktextfm ecsx1440+20
mktextfm ecsx1440-20
mktextfm ecrm0800+20
mktextfm ecrm0800-20
mktextfm ecrm0900+20
mktextfm ecrm0900-20
mktextfm cmr9+20
mktextfm cmr9-20
mktextfm cmr5+20
mktextfm cmr5-20
mktextfm cmbx9+20
mktextfm cmbx9-20
mktextfm cmbx5+20
mktextfm cmbx5-20
mktextfm ecrm0600+20
mktextfm ecrm0600-20
mktextfm tcrm1095+20
mktextfm tcrm1095-20
mktextfm ecsx1200+20
mktextfm ecsx1200-20
mktextfm ecbx1000+20
mktextfm ecbx1000-20
mktextfm ecti1095+20
mktextfm ecti1095-20
mktextfm ecbx0900+20
mktextfm ecbx0900-20
mktextfm ecbi1095+20
mktextfm ecbi1095-20
