This is pdfTeX, Version 3.141592653-2.6-1.40.22 (TeX Live 2022/dev/Debian) (preloaded format=latex 2023.9.7)  16 OCT 2023 19:36
entering extended mode
 restricted \write18 enabled.
 %&-line parsing enabled.
**thesis_main.tex
(./thesis_main.tex
LaTeX2e <2021-11-15> patch level 1
L3 programming layer <2022-01-21>
(/usr/share/texlive/texmf-dist/tex/latex/koma-script/scrbook.cls
Document Class: scrbook 2021/11/13 v3.35 KOMA-Script document class (book)
(/usr/share/texlive/texmf-dist/tex/latex/koma-script/scrkbase.sty
Package: scrkbase 2021/11/13 v3.35 KOMA-Script package (KOMA-Script-dependent b
asics and keyval usage)

(/usr/share/texlive/texmf-dist/tex/latex/koma-script/scrbase.sty
Package: scrbase 2021/11/13 v3.35 KOMA-Script package (KOMA-Script-independent 
basics and keyval usage)

(/usr/share/texlive/texmf-dist/tex/latex/koma-script/scrlfile.sty
Package: scrlfile 2021/11/13 v3.35 KOMA-Script package (file load hooks)

(/usr/share/texlive/texmf-dist/tex/latex/koma-script/scrlfile-hook.sty
Package: scrlfile-hook 2021/11/13 v3.35 KOMA-Script package (using LaTeX hooks)


(/usr/share/texlive/texmf-dist/tex/latex/koma-script/scrlogo.sty
Package: scrlogo 2021/11/13 v3.35 KOMA-Script package (logo)
)))
(/usr/share/texlive/texmf-dist/tex/latex/graphics/keyval.sty
Package: keyval 2014/10/28 v1.15 key=value parser (DPC)
\KV@toks@=\toks16
)
Applying: [2021/05/01] Usage of raw or classic option list on input line 252.
Already applied: [0000/00/00] Usage of raw or classic option list on input line
 368.
))
(/usr/share/texlive/texmf-dist/tex/latex/koma-script/tocbasic.sty
Package: tocbasic 2021/11/13 v3.35 KOMA-Script package (handling toc-files)
\scr@dte@tocline@numberwidth=\skip47
\scr@dte@tocline@numbox=\box50
)
Package tocbasic Info: babel extension for `toc' omitted
(tocbasic)             because of missing \bbl@set@language on input line 137.
Package scrbook Info: You've used standard option `11pt'.
(scrbook)             This is correct!
(scrbook)             Internally I'm using `fontsize=11pt'.
(scrbook)             If you'd like to set the option with \KOMAoptions,
(scrbook)             you'd have to use `fontsize=11pt' there
(scrbook)             instead of `11pt', too.
Class scrbook Info: File `scrsize11pt.clo' used to setup font sizes on input li
ne 2490.

(/usr/share/texlive/texmf-dist/tex/latex/koma-script/scrsize11pt.clo
File: scrsize11pt.clo 2021/11/13 v3.35 KOMA-Script font size class option (11pt
)
)
(/usr/share/texlive/texmf-dist/tex/latex/koma-script/typearea.sty
Package: typearea 2021/11/13 v3.35 KOMA-Script package (type area)
\ta@bcor=\skip48
\ta@div=\count185
Package typearea Info: You've used standard option `a4paper'.
(typearea)             This is correct!
(typearea)             Internally I'm using `paper=a4'.
(typearea)             If you'd like to set the option with \KOMAoptions,
(typearea)             you'd have to use `paper=a4' there
(typearea)             instead of `a4paper', too.
\ta@hblk=\skip49
\ta@vblk=\skip50
\ta@temp=\skip51
\footheight=\skip52
Package typearea Info: These are the values describing the layout:
(typearea)             DIV  = 10
(typearea)             BCOR = 28.45274pt
(typearea)             \paperwidth      = 597.50793pt
(typearea)              \textwidth      = 398.33864pt
(typearea)              DIV departure   = -1%
(typearea)              \evensidemargin = 41.54105pt
(typearea)              \oddsidemargin  = 13.08827pt
(typearea)             \paperheight     = 845.04694pt
(typearea)              \textheight     = 595.80026pt
(typearea)              \topmargin      = -25.16531pt
(typearea)              \headheight     = 17.0pt
(typearea)              \headsep        = 20.40001pt
(typearea)              \topskip        = 11.0pt
(typearea)              \footskip       = 47.6pt
(typearea)              \baselineskip   = 13.6pt
(typearea)              on input line 1743.
)
\c@part=\count186
\c@chapter=\count187
\c@section=\count188
\c@subsection=\count189
\c@subsubsection=\count190
\c@paragraph=\count191
\c@subparagraph=\count192
\scr@dte@chapter@maxnumwidth=\skip53
Class scrbook Info: using compatibility default `afterindent=bysign'
(scrbook)           for `\chapter on input line 5715.
\scr@dte@section@maxnumwidth=\skip54
Class scrbook Info: using compatibility default `runin=bysign'
(scrbook)           for `\section on input line 5726.
Class scrbook Info: using compatibility default `afterindent=bysign'
(scrbook)           for `\section on input line 5726.
\scr@dte@part@maxnumwidth=\skip55
Class scrbook Info: using compatibility default `afterindent=true'
(scrbook)           for `\part on input line 5735.
\scr@dte@subsection@maxnumwidth=\skip56
Class scrbook Info: using compatibility default `runin=bysign'
(scrbook)           for `\subsection on input line 5745.
Class scrbook Info: using compatibility default `afterindent=bysign'
(scrbook)           for `\subsection on input line 5745.
\scr@dte@subsubsection@maxnumwidth=\skip57
Class scrbook Info: using compatibility default `runin=bysign'
(scrbook)           for `\subsubsection on input line 5755.
Class scrbook Info: using compatibility default `afterindent=bysign'
(scrbook)           for `\subsubsection on input line 5755.
\scr@dte@paragraph@maxnumwidth=\skip58
Class scrbook Info: using compatibility default `runin=bysign'
(scrbook)           for `\paragraph on input line 5766.
Class scrbook Info: using compatibility default `afterindent=bysign'
(scrbook)           for `\paragraph on input line 5766.
\scr@dte@subparagraph@maxnumwidth=\skip59
Class scrbook Info: using compatibility default `runin=bysign'
(scrbook)           for `\subparagraph on input line 5776.
Class scrbook Info: using compatibility default `afterindent=bysign'
(scrbook)           for `\subparagraph on input line 5776.
\abovecaptionskip=\skip60
\belowcaptionskip=\skip61
\c@pti@nb@sid@b@x=\box51
Package tocbasic Info: babel extension for `lof' omitted
(tocbasic)             because of missing \bbl@set@language on input line 6962.

\scr@dte@figure@maxnumwidth=\skip62
\c@figure=\count193
Package tocbasic Info: babel extension for `lot' omitted
(tocbasic)             because of missing \bbl@set@language on input line 6978.

\scr@dte@table@maxnumwidth=\skip63
\c@table=\count194
Class scrbook Info: Redefining `\numberline' on input line 7146.
\bibindent=\dimen138
)
(./setup.tex (/usr/share/texlive/texmf-dist/tex/latex/base/fontenc.sty
Package: fontenc 2021/04/29 v2.0v Standard LaTeX package
)
(/usr/share/texlive/texmf-dist/tex/latex/base/inputenc.sty
Package: inputenc 2021/02/14 v1.3d Input encoding file
\inpenc@prehook=\toks17
\inpenc@posthook=\toks18

(/usr/share/texlive/texmf-dist/tex/latex/ucs/utf8x.def
File: utf8x.def 2004/10/17 UCS: Input encoding UTF-8
))
(/usr/share/texlive/texmf-dist/tex/latex/ucs/ucs.sty
Package: ucs 2013/05/11 v2.2 UCS: Unicode input support

(/usr/share/texlive/texmf-dist/tex/latex/ucs/data/uni-global.def
File: uni-global.def 2013/05/13 UCS: Unicode global data
)
\uc@secondtry=\count195
\uc@combtoks=\toks19
\uc@combtoksb=\toks20
\uc@temptokena=\toks21
)
(/usr/share/texlive/texmf-dist/tex/latex/koma-script/scrhack.sty
Package: scrhack 2021/11/13 v3.35 KOMA-Script package (hacking other packages)

(/usr/share/texlive/texmf-dist/tex/latex/xpatch/xpatch.sty
(/usr/share/texlive/texmf-dist/tex/latex/l3kernel/expl3.sty
Package: expl3 2022-01-21 L3 programming layer (loader) 

(/usr/share/texlive/texmf-dist/tex/latex/l3backend/l3backend-dvips.def
File: l3backend-dvips.def 2022-01-12 L3 backend support: dvips
\l__pdf_internal_box=\box52
\g__pdf_backend_object_int=\count196
\l__pdf_backend_content_box=\box53
\l__pdf_backend_model_box=\box54
\g__pdf_backend_annotation_int=\count197
\g__pdf_backend_link_int=\count198
\g__pdf_backend_link_sf_int=\count199
))
Package: xpatch 2020/03/25 v0.3a Extending etoolbox patching commands

(/usr/share/texlive/texmf-dist/tex/latex/l3packages/xparse/xparse.sty
Package: xparse 2022-01-12 L3 Experimental document command parser
)
(/usr/share/texlive/texmf-dist/tex/latex/etoolbox/etoolbox.sty
Package: etoolbox 2020/10/05 v2.5k e-TeX tools for LaTeX (JAW)
\etb@tempcnta=\count266
)))
(/usr/share/texlive/texmf-dist/tex/latex/caption/caption.sty
Package: caption 2020/10/26 v3.5g Customizing captions (AR)

(/usr/share/texlive/texmf-dist/tex/latex/caption/caption3.sty
Package: caption3 2020/10/21 v2.2e caption3 kernel (AR)
\captionmargin=\dimen139
\captionmargin@=\dimen140
\captionwidth=\dimen141
\caption@tempdima=\dimen142
\caption@indent=\dimen143
\caption@parindent=\dimen144
\caption@hangindent=\dimen145
Package caption Info: KOMA-Script document class detected.

(/usr/share/texlive/texmf-dist/tex/latex/caption/caption-koma.sto
File: caption-koma.sto 2020/09/21 v2.0b Adaption of the caption package to the 
KOMA-Script document classes (AR)
))
\c@caption@flags=\count267
\c@continuedfloat=\count268
)
(/usr/share/texlive/texmf-dist/tex/latex/caption/subcaption.sty
Package: subcaption 2020/10/07 v1.3j Sub-captions (AR)
\c@subfigure=\count269
\c@subtable=\count270
)
(/usr/share/texlive/texmf-dist/tex/latex/multirow/multirow.sty
Package: multirow 2021/03/15 v2.8 Span multiple rows of a table
\multirow@colwidth=\skip64
\multirow@cntb=\count271
\multirow@dima=\skip65
\bigstrutjot=\dimen146
)
(/usr/share/texlive/texmf-dist/tex/latex/listings/listings.sty
\lst@mode=\count272
\lst@gtempboxa=\box55
\lst@token=\toks22
\lst@length=\count273
\lst@currlwidth=\dimen147
\lst@column=\count274
\lst@pos=\count275
\lst@lostspace=\dimen148
\lst@width=\dimen149
\lst@newlines=\count276
\lst@lineno=\count277
\lst@maxwidth=\dimen150

(/usr/share/texlive/texmf-dist/tex/latex/listings/lstmisc.sty
File: lstmisc.sty 2020/03/24 1.8d (Carsten Heinz)
\c@lstnumber=\count278
\lst@skipnumbers=\count279
\lst@framebox=\box56
)
(/usr/share/texlive/texmf-dist/tex/latex/listings/listings.cfg
File: listings.cfg 2020/03/24 1.8d listings configuration
))
Package scrhack Info: loading listings hack on input line 16.

(/usr/share/texlive/texmf-dist/tex/latex/koma-script/listings.hak
File: listings.hak 2021/11/13 v3.35 KOMA-Script scrhack part (hacking package l
istings)
Package tocbasic Info: babel extension for `lol' omitted
(tocbasic)             because of missing \bbl@set@language on input line 143.
Package scrhack Info: redefining \lstlistoflistings on input line 143.
)
Package: listings 2020/03/24 1.8d (Carsten Heinz)

(/usr/share/texlive/texmf-dist/tex/latex/chngcntr/chngcntr.sty
Package: chngcntr 2018/04/09 v1.1a change counter resetting
Package chngcntr Info: \counterwithout already defined.
(chngcntr)             Quitting chngcntr on input line 21.
)
(/usr/share/texlive/texmf-dist/tex/latex/setspace/setspace.sty
Package: setspace 2011/12/19 v6.7a set line spacing
)
Package scrhack Info: loading setspace hack on input line 32.

(/usr/share/texlive/texmf-dist/tex/latex/koma-script/setspace.hak
File: setspace.hak 2021/11/13 v3.35 KOMA-Script scrhack part (hacking package s
etspace)
)
(/usr/share/texlive/texmf-dist/tex/latex/xcolor/xcolor.sty
Package: xcolor 2021/10/31 v2.13 LaTeX color extensions (UK)

(/usr/share/texlive/texmf-dist/tex/latex/graphics-cfg/color.cfg
File: color.cfg 2016/01/02 v1.6 sample color configuration
)
Package xcolor Info: Driver file: dvips.def on input line 227.

(/usr/share/texlive/texmf-dist/tex/latex/graphics-def/dvips.def
File: dvips.def 2017/06/20 v3.1d Graphics/color driver for dvips
)
Package xcolor Info: Model `cmy' substituted by `cmy0' on input line 1352.
Package xcolor Info: Model `RGB' extended on input line 1368.
Package xcolor Info: Model `HTML' substituted by `rgb' on input line 1370.
Package xcolor Info: Model `Hsb' substituted by `hsb' on input line 1371.
Package xcolor Info: Model `tHsb' substituted by `hsb' on input line 1372.
Package xcolor Info: Model `HSB' substituted by `hsb' on input line 1373.
Package xcolor Info: Model `Gray' substituted by `gray' on input line 1374.
Package xcolor Info: Model `wave' substituted by `hsb' on input line 1375.

(/usr/share/texlive/texmf-dist/tex/latex/graphics/dvipsnam.def
File: dvipsnam.def 2016/06/17 v3.0m Driver-dependent file (DPC,SPQR)
))
(/usr/share/texlive/texmf-dist/tex/latex/tools/array.sty
Package: array 2021/10/04 v2.5f Tabular extension package (FMi)
\col@sep=\dimen151
\ar@mcellbox=\box57
\extrarowheight=\dimen152
\NC@list=\toks23
\extratabsurround=\skip66
\backup@length=\skip67
\ar@cellbox=\box58
)
(/usr/share/texlive/texmf-dist/tex/latex/graphics/graphicx.sty
Package: graphicx 2021/09/16 v1.2d Enhanced LaTeX Graphics (DPC,SPQR)

(/usr/share/texlive/texmf-dist/tex/latex/graphics/graphics.sty
Package: graphics 2021/03/04 v1.4d Standard LaTeX Graphics (DPC,SPQR)

(/usr/share/texlive/texmf-dist/tex/latex/graphics/trig.sty
Package: trig 2021/08/11 v1.11 sin cos tan (DPC)
)
(/usr/share/texlive/texmf-dist/tex/latex/graphics-cfg/graphics.cfg
File: graphics.cfg 2016/06/04 v1.11 sample graphics configuration
)
Package graphics Info: Driver file: dvips.def on input line 107.
)
\Gin@req@height=\dimen153
\Gin@req@width=\dimen154
)
(/usr/share/texlive/texmf-dist/tex/latex/amsmath/amsmath.sty
Package: amsmath 2021/10/15 v2.17l AMS math features
\@mathmargin=\skip68

For additional information on amsmath, use the `?' option.
(/usr/share/texlive/texmf-dist/tex/latex/amsmath/amstext.sty
Package: amstext 2021/08/26 v2.01 AMS text

(/usr/share/texlive/texmf-dist/tex/latex/amsmath/amsgen.sty
File: amsgen.sty 1999/11/30 v2.0 generic functions
\@emptytoks=\toks24
\ex@=\dimen155
))
(/usr/share/texlive/texmf-dist/tex/latex/amsmath/amsbsy.sty
Package: amsbsy 1999/11/29 v1.2d Bold Symbols
\pmbraise@=\dimen156
)
(/usr/share/texlive/texmf-dist/tex/latex/amsmath/amsopn.sty
Package: amsopn 2021/08/26 v2.02 operator names
)
\inf@bad=\count280
LaTeX Info: Redefining \frac on input line 234.
\uproot@=\count281
\leftroot@=\count282
LaTeX Info: Redefining \overline on input line 399.
\classnum@=\count283
\DOTSCASE@=\count284
LaTeX Info: Redefining \ldots on input line 496.
LaTeX Info: Redefining \dots on input line 499.
LaTeX Info: Redefining \cdots on input line 620.
\Mathstrutbox@=\box59
\strutbox@=\box60
\big@size=\dimen157
LaTeX Font Info:    Redeclaring font encoding OML on input line 743.
LaTeX Font Info:    Redeclaring font encoding OMS on input line 744.
\macc@depth=\count285
\c@MaxMatrixCols=\count286
\dotsspace@=\muskip16
\c@parentequation=\count287
\dspbrk@lvl=\count288
\tag@help=\toks25
\row@=\count289
\column@=\count290
\maxfields@=\count291
\andhelp@=\toks26
\eqnshift@=\dimen158
\alignsep@=\dimen159
\tagshift@=\dimen160
\tagwidth@=\dimen161
\totwidth@=\dimen162
\lineht@=\dimen163
\@envbody=\toks27
\multlinegap=\skip69
\multlinetaggap=\skip70
\mathdisplay@stack=\toks28
LaTeX Info: Redefining \[ on input line 2938.
LaTeX Info: Redefining \] on input line 2939.
)
(/usr/share/texlive/texmf-dist/tex/latex/amscls/amsthm.sty
Package: amsthm 2020/05/29 v2.20.6
\thm@style=\toks29
\thm@bodyfont=\toks30
\thm@headfont=\toks31
\thm@notefont=\toks32
\thm@headpunct=\toks33
\thm@preskip=\skip71
\thm@postskip=\skip72
\thm@headsep=\skip73
\dth@everypar=\toks34
)
Class scrbook Info: amsthm's \deferred@thm@head patched.

(/usr/share/texlive/texmf-dist/tex/latex/amsfonts/amsfonts.sty
Package: amsfonts 2013/01/14 v3.01 Basic AMSFonts support
\symAMSa=\mathgroup4
\symAMSb=\mathgroup5
LaTeX Font Info:    Redeclaring math symbol \hbar on input line 98.
LaTeX Font Info:    Overwriting math alphabet `\mathfrak' in version `bold'
(Font)                  U/euf/m/n --> U/euf/b/n on input line 106.
)
(/usr/share/texlive/texmf-dist/tex/latex/tools/calc.sty
Package: calc 2017/05/25 v4.3 Infix arithmetic (KKT,FJ)
\calc@Acount=\count292
\calc@Bcount=\count293
\calc@Adimen=\dimen164
\calc@Bdimen=\dimen165
\calc@Askip=\skip74
\calc@Bskip=\skip75
LaTeX Info: Redefining \setlength on input line 80.
LaTeX Info: Redefining \addtolength on input line 81.
\calc@Ccount=\count294
\calc@Cskip=\skip76
)
Package scrhack Info: hyperref hack deactivated because of
(scrhack)             detection of KOMA-Script class, that doesn't
(scrhack)             need that hack, on input line 46.

(/usr/share/texlive/texmf-dist/tex/latex/hyperref/hyperref.sty
Package: hyperref 2021-06-07 v7.00m Hypertext links for LaTeX

(/usr/share/texlive/texmf-dist/tex/generic/ltxcmds/ltxcmds.sty
Package: ltxcmds 2020-05-10 v1.25 LaTeX kernel commands for general use (HO)
)
(/usr/share/texlive/texmf-dist/tex/generic/iftex/iftex.sty
Package: iftex 2020/03/06 v1.0d TeX engine tests
)
(/usr/share/texlive/texmf-dist/tex/generic/pdftexcmds/pdftexcmds.sty
Package: pdftexcmds 2020-06-27 v0.33 Utility functions of pdfTeX for LuaTeX (HO
)

(/usr/share/texlive/texmf-dist/tex/generic/infwarerr/infwarerr.sty
Package: infwarerr 2019/12/03 v1.5 Providing info/warning/error messages (HO)
)
Package pdftexcmds Info: \pdf@primitive is available.
Package pdftexcmds Info: \pdf@ifprimitive is available.
Package pdftexcmds Info: \pdfdraftmode is ignored in DVI mode.
)
(/usr/share/texlive/texmf-dist/tex/generic/kvsetkeys/kvsetkeys.sty
Package: kvsetkeys 2019/12/15 v1.18 Key value parser (HO)
)
(/usr/share/texlive/texmf-dist/tex/generic/kvdefinekeys/kvdefinekeys.sty
Package: kvdefinekeys 2019-12-19 v1.6 Define keys (HO)
)
(/usr/share/texlive/texmf-dist/tex/generic/pdfescape/pdfescape.sty
Package: pdfescape 2019/12/09 v1.15 Implements pdfTeX's escape features (HO)
)
(/usr/share/texlive/texmf-dist/tex/latex/hycolor/hycolor.sty
Package: hycolor 2020-01-27 v1.10 Color options for hyperref/bookmark (HO)
)
(/usr/share/texlive/texmf-dist/tex/latex/letltxmacro/letltxmacro.sty
Package: letltxmacro 2019/12/03 v1.6 Let assignment for LaTeX macros (HO)
)
(/usr/share/texlive/texmf-dist/tex/latex/auxhook/auxhook.sty
Package: auxhook 2019-12-17 v1.6 Hooks for auxiliary files (HO)
)
(/usr/share/texlive/texmf-dist/tex/latex/kvoptions/kvoptions.sty
Package: kvoptions 2020-10-07 v3.14 Key value format for package options (HO)
)
\@linkdim=\dimen166
\Hy@linkcounter=\count295
\Hy@pagecounter=\count296

(/usr/share/texlive/texmf-dist/tex/latex/hyperref/pd1enc.def
File: pd1enc.def 2021-06-07 v7.00m Hyperref: PDFDocEncoding definition (HO)
)
(/usr/share/texlive/texmf-dist/tex/latex/hyperref/hyperref-langpatches.def
File: hyperref-langpatches.def 2021-06-07 v7.00m Hyperref: patches for babel la
nguages
)
(/usr/share/texlive/texmf-dist/tex/generic/intcalc/intcalc.sty
Package: intcalc 2019/12/15 v1.3 Expandable calculations with integers (HO)
)
(/usr/share/texlive/texmf-dist/tex/generic/etexcmds/etexcmds.sty
Package: etexcmds 2019/12/15 v1.7 Avoid name clashes with e-TeX commands (HO)
)
\Hy@SavedSpaceFactor=\count297

(/usr/share/texlive/texmf-dist/tex/latex/hyperref/puenc.def
File: puenc.def 2021-06-07 v7.00m Hyperref: PDF Unicode definition (HO)
)
Package hyperref Info: Option `unicode' set `true' on input line 4073.
Package hyperref Info: Option `bookmarks' set `true' on input line 4073.
Package hyperref Info: Option `bookmarksnumbered' set `true' on input line 4073
.
Package hyperref Info: Option `bookmarksopen' set `true' on input line 4073.
Package hyperref Info: Option `breaklinks' set `false' on input line 4073.
Package hyperref Info: Option `colorlinks' set `false' on input line 4073.
Package hyperref Info: Hyper figures OFF on input line 4192.
Package hyperref Info: Link nesting OFF on input line 4197.
Package hyperref Info: Hyper index ON on input line 4200.
Package hyperref Info: Plain pages OFF on input line 4207.
Package hyperref Info: Backreferencing OFF on input line 4212.
Package hyperref Info: Implicit mode ON; LaTeX internals redefined.
Package hyperref Info: Bookmarks ON on input line 4445.
\c@Hy@tempcnt=\count298

(/usr/share/texlive/texmf-dist/tex/latex/url/url.sty
\Urlmuskip=\muskip17
Package: url 2013/09/16  ver 3.4  Verb mode for urls, etc.
)
LaTeX Info: Redefining \url on input line 4804.
\XeTeXLinkMargin=\dimen167

(/usr/share/texlive/texmf-dist/tex/generic/bitset/bitset.sty
Package: bitset 2019/12/09 v1.3 Handle bit-vector datatype (HO)

(/usr/share/texlive/texmf-dist/tex/generic/bigintcalc/bigintcalc.sty
Package: bigintcalc 2019/12/15 v1.5 Expandable calculations on big integers (HO
)
))
\Fld@menulength=\count299
\Field@Width=\dimen168
\Fld@charsize=\dimen169
Package hyperref Info: Hyper figures OFF on input line 6076.
Package hyperref Info: Link nesting OFF on input line 6081.
Package hyperref Info: Hyper index ON on input line 6084.
Package hyperref Info: backreferencing OFF on input line 6091.
Package hyperref Info: Link coloring OFF on input line 6096.
Package hyperref Info: Link coloring with OCG OFF on input line 6101.
Package hyperref Info: PDF/A mode OFF on input line 6106.
LaTeX Info: Redefining \ref on input line 6146.
LaTeX Info: Redefining \pageref on input line 6150.

(/usr/share/texlive/texmf-dist/tex/latex/base/atbegshi-ltx.sty
Package: atbegshi-ltx 2021/01/10 v1.0c Emulation of the original atbegshi
package with kernel methods
)
\Hy@abspage=\count300
\c@Item=\count301
\c@Hfootnote=\count302
)
Package hyperref Info: Driver (default): hdvips.

(/usr/share/texlive/texmf-dist/tex/latex/hyperref/hdvips.def
File: hdvips.def 2021-06-07 v7.00m Hyperref driver for dvips

(/usr/share/texlive/texmf-dist/tex/latex/hyperref/pdfmark.def
File: pdfmark.def 2021-06-07 v7.00m Hyperref definitions for pdfmark specials
\pdf@docset=\toks35
\pdf@box=\box61
\pdf@toks=\toks36
\pdf@defaulttoks=\toks37
\HyField@AnnotCount=\count303
\Fld@listcount=\count304
\c@bookmark@seq@number=\count305

(/usr/share/texlive/texmf-dist/tex/latex/rerunfilecheck/rerunfilecheck.sty
Package: rerunfilecheck 2019/12/05 v1.9 Rerun checks for auxiliary files (HO)

(/usr/share/texlive/texmf-dist/tex/latex/base/atveryend-ltx.sty
Package: atveryend-ltx 2020/08/19 v1.0a Emulation of the original atveryend pac
kage
with kernel methods
)
(/usr/share/texlive/texmf-dist/tex/generic/uniquecounter/uniquecounter.sty
Package: uniquecounter 2019/12/15 v1.4 Provide unlimited unique counter (HO)
)
Package uniquecounter Info: New unique counter `rerunfilecheck' on input line 2
86.
)
\Hy@SectionHShift=\skip77
))
(/usr/share/texlive/texmf-dist/tex/latex/algorithms/algorithm.sty
Package: algorithm 2009/08/24 v0.1 Document Style `algorithm' - floating enviro
nment

(/usr/share/texlive/texmf-dist/tex/latex/float/float.sty
Package: float 2001/11/08 v1.3d Float enhancements (AL)
\c@float@type=\count306
\float@exts=\toks38
\float@box=\box62
\@float@everytoks=\toks39
\@floatcapt=\box63
)
Package scrhack Info: loading float hack on input line 32.

(/usr/share/texlive/texmf-dist/tex/latex/koma-script/float.hak
File: float.hak 2021/11/13 v3.35 KOMA-Script scrhack part (hacking package floa
t)
Package scrhack Info: redefining \newfloat on input line 163.
Package scrhack Info: redefining \listof on input line 163.
Package scrhack Info: undefining \float@addtolists on input line 163.
)
(/usr/share/texlive/texmf-dist/tex/latex/base/ifthen.sty
Package: ifthen 2020/11/24 v1.1c Standard LaTeX ifthen package (DPC)
)
Package tocbasic Info: babel extension for `loa' omitted
(tocbasic)             because of missing \bbl@set@language on input line 95.
\@float@every@algorithm=\toks40
\c@algorithm=\count307
)
(/usr/share/texlive/texmf-dist/tex/latex/algorithmicx/algpseudocode.sty
Package: algpseudocode 

(/usr/share/texlive/texmf-dist/tex/latex/algorithmicx/algorithmicx.sty
Package: algorithmicx 2005/04/27 v1.2 Algorithmicx

Document Style algorithmicx 1.2 - a greatly improved `algorithmic' style
\c@ALG@line=\count308
\c@ALG@rem=\count309
\c@ALG@nested=\count310
\ALG@tlm=\skip78
\ALG@thistlm=\skip79
\c@ALG@Lnr=\count311
\c@ALG@blocknr=\count312
\c@ALG@storecount=\count313
\c@ALG@tmpcounter=\count314
\ALG@tmplength=\skip80
)
Document Style - pseudocode environments for use with the `algorithmicx' style
) (/usr/share/texlive/texmf-dist/tex/latex/tools/bm.sty
Package: bm 2021/04/25 v1.2e Bold Symbol Support (DPC/FMi)
\symboldoperators=\mathgroup6
\symboldletters=\mathgroup7
\symboldsymbols=\mathgroup8
Package bm Info: No bold for \OMX/cmex/m/n, using \pmb.
Package bm Info: No bold for \U/msa/m/n, using \pmb.
Package bm Info: No bold for \U/msb/m/n, using \pmb.
LaTeX Font Info:    Redeclaring math alphabet \mathbf on input line 149.
)
(/usr/share/texlive/texmf-dist/tex/latex/pgf/frontendlayer/tikz.sty
(/usr/share/texlive/texmf-dist/tex/latex/pgf/basiclayer/pgf.sty
(/usr/share/texlive/texmf-dist/tex/latex/pgf/utilities/pgfrcs.sty
(/usr/share/texlive/texmf-dist/tex/generic/pgf/utilities/pgfutil-common.tex
\pgfutil@everybye=\toks41
\pgfutil@tempdima=\dimen170
\pgfutil@tempdimb=\dimen171

(/usr/share/texlive/texmf-dist/tex/generic/pgf/utilities/pgfutil-common-lists.t
ex)) (/usr/share/texlive/texmf-dist/tex/generic/pgf/utilities/pgfutil-latex.def
\pgfutil@abb=\box64
) (/usr/share/texlive/texmf-dist/tex/generic/pgf/utilities/pgfrcs.code.tex
(/usr/share/texlive/texmf-dist/tex/generic/pgf/pgf.revision.tex)
Package: pgfrcs 2021/05/15 v3.1.9a (3.1.9a)
))
Package: pgf 2021/05/15 v3.1.9a (3.1.9a)

(/usr/share/texlive/texmf-dist/tex/latex/pgf/basiclayer/pgfcore.sty
(/usr/share/texlive/texmf-dist/tex/latex/pgf/systemlayer/pgfsys.sty
(/usr/share/texlive/texmf-dist/tex/generic/pgf/systemlayer/pgfsys.code.tex
Package: pgfsys 2021/05/15 v3.1.9a (3.1.9a)

(/usr/share/texlive/texmf-dist/tex/generic/pgf/utilities/pgfkeys.code.tex
\pgfkeys@pathtoks=\toks42
\pgfkeys@temptoks=\toks43

(/usr/share/texlive/texmf-dist/tex/generic/pgf/utilities/pgfkeysfiltered.code.t
ex
\pgfkeys@tmptoks=\toks44
))
\pgf@x=\dimen172
\pgf@y=\dimen173
\pgf@xa=\dimen174
\pgf@ya=\dimen175
\pgf@xb=\dimen176
\pgf@yb=\dimen177
\pgf@xc=\dimen178
\pgf@yc=\dimen179
\pgf@xd=\dimen180
\pgf@yd=\dimen181
\w@pgf@writea=\write3
\r@pgf@reada=\read2
\c@pgf@counta=\count315
\c@pgf@countb=\count316
\c@pgf@countc=\count317
\c@pgf@countd=\count318
\t@pgf@toka=\toks45
\t@pgf@tokb=\toks46
\t@pgf@tokc=\toks47
\pgf@sys@id@count=\count319
 (/usr/share/texlive/texmf-dist/tex/generic/pgf/systemlayer/pgf.cfg
File: pgf.cfg 2021/05/15 v3.1.9a (3.1.9a)
)
Driver file for pgf: pgfsys-dvips.def

(/usr/share/texlive/texmf-dist/tex/generic/pgf/systemlayer/pgfsys-dvips.def
File: pgfsys-dvips.def 2021/05/15 v3.1.9a (3.1.9a)

(/usr/share/texlive/texmf-dist/tex/generic/pgf/systemlayer/pgfsys-common-postsc
ript.def
File: pgfsys-common-postscript.def 2021/05/15 v3.1.9a (3.1.9a)
\pgf@objectcount=\count320
)))
(/usr/share/texlive/texmf-dist/tex/generic/pgf/systemlayer/pgfsyssoftpath.code.
tex
File: pgfsyssoftpath.code.tex 2021/05/15 v3.1.9a (3.1.9a)
\pgfsyssoftpath@smallbuffer@items=\count321
\pgfsyssoftpath@bigbuffer@items=\count322
)
(/usr/share/texlive/texmf-dist/tex/generic/pgf/systemlayer/pgfsysprotocol.code.
tex
File: pgfsysprotocol.code.tex 2021/05/15 v3.1.9a (3.1.9a)
))
(/usr/share/texlive/texmf-dist/tex/generic/pgf/basiclayer/pgfcore.code.tex
Package: pgfcore 2021/05/15 v3.1.9a (3.1.9a)

(/usr/share/texlive/texmf-dist/tex/generic/pgf/math/pgfmath.code.tex
(/usr/share/texlive/texmf-dist/tex/generic/pgf/math/pgfmathcalc.code.tex
(/usr/share/texlive/texmf-dist/tex/generic/pgf/math/pgfmathutil.code.tex)
(/usr/share/texlive/texmf-dist/tex/generic/pgf/math/pgfmathparser.code.tex
\pgfmath@dimen=\dimen182
\pgfmath@count=\count323
\pgfmath@box=\box65
\pgfmath@toks=\toks48
\pgfmath@stack@operand=\toks49
\pgfmath@stack@operation=\toks50
)
(/usr/share/texlive/texmf-dist/tex/generic/pgf/math/pgfmathfunctions.code.tex
(/usr/share/texlive/texmf-dist/tex/generic/pgf/math/pgfmathfunctions.basic.code
.tex)
(/usr/share/texlive/texmf-dist/tex/generic/pgf/math/pgfmathfunctions.trigonomet
ric.code.tex)
(/usr/share/texlive/texmf-dist/tex/generic/pgf/math/pgfmathfunctions.random.cod
e.tex)
(/usr/share/texlive/texmf-dist/tex/generic/pgf/math/pgfmathfunctions.comparison
.code.tex)
(/usr/share/texlive/texmf-dist/tex/generic/pgf/math/pgfmathfunctions.base.code.
tex)
(/usr/share/texlive/texmf-dist/tex/generic/pgf/math/pgfmathfunctions.round.code
.tex)
(/usr/share/texlive/texmf-dist/tex/generic/pgf/math/pgfmathfunctions.misc.code.
tex)
(/usr/share/texlive/texmf-dist/tex/generic/pgf/math/pgfmathfunctions.integerari
thmetics.code.tex)))
(/usr/share/texlive/texmf-dist/tex/generic/pgf/math/pgfmathfloat.code.tex
\c@pgfmathroundto@lastzeros=\count324
))
(/usr/share/texlive/texmf-dist/tex/generic/pgf/math/pgfint.code.tex)
(/usr/share/texlive/texmf-dist/tex/generic/pgf/basiclayer/pgfcorepoints.code.te
x
File: pgfcorepoints.code.tex 2021/05/15 v3.1.9a (3.1.9a)
\pgf@picminx=\dimen183
\pgf@picmaxx=\dimen184
\pgf@picminy=\dimen185
\pgf@picmaxy=\dimen186
\pgf@pathminx=\dimen187
\pgf@pathmaxx=\dimen188
\pgf@pathminy=\dimen189
\pgf@pathmaxy=\dimen190
\pgf@xx=\dimen191
\pgf@xy=\dimen192
\pgf@yx=\dimen193
\pgf@yy=\dimen194
\pgf@zx=\dimen195
\pgf@zy=\dimen196
)
(/usr/share/texlive/texmf-dist/tex/generic/pgf/basiclayer/pgfcorepathconstruct.
code.tex
File: pgfcorepathconstruct.code.tex 2021/05/15 v3.1.9a (3.1.9a)
\pgf@path@lastx=\dimen197
\pgf@path@lasty=\dimen198
)
(/usr/share/texlive/texmf-dist/tex/generic/pgf/basiclayer/pgfcorepathusage.code
.tex
File: pgfcorepathusage.code.tex 2021/05/15 v3.1.9a (3.1.9a)
\pgf@shorten@end@additional=\dimen199
\pgf@shorten@start@additional=\dimen256
)
(/usr/share/texlive/texmf-dist/tex/generic/pgf/basiclayer/pgfcorescopes.code.te
x
File: pgfcorescopes.code.tex 2021/05/15 v3.1.9a (3.1.9a)
\pgfpic=\box66
\pgf@hbox=\box67
\pgf@layerbox@main=\box68
\pgf@picture@serial@count=\count325
)
(/usr/share/texlive/texmf-dist/tex/generic/pgf/basiclayer/pgfcoregraphicstate.c
ode.tex
File: pgfcoregraphicstate.code.tex 2021/05/15 v3.1.9a (3.1.9a)
\pgflinewidth=\dimen257
)
(/usr/share/texlive/texmf-dist/tex/generic/pgf/basiclayer/pgfcoretransformation
s.code.tex
File: pgfcoretransformations.code.tex 2021/05/15 v3.1.9a (3.1.9a)
\pgf@pt@x=\dimen258
\pgf@pt@y=\dimen259
\pgf@pt@temp=\dimen260
)
(/usr/share/texlive/texmf-dist/tex/generic/pgf/basiclayer/pgfcorequick.code.tex
File: pgfcorequick.code.tex 2021/05/15 v3.1.9a (3.1.9a)
)
(/usr/share/texlive/texmf-dist/tex/generic/pgf/basiclayer/pgfcoreobjects.code.t
ex
File: pgfcoreobjects.code.tex 2021/05/15 v3.1.9a (3.1.9a)
)
(/usr/share/texlive/texmf-dist/tex/generic/pgf/basiclayer/pgfcorepathprocessing
.code.tex
File: pgfcorepathprocessing.code.tex 2021/05/15 v3.1.9a (3.1.9a)
)
(/usr/share/texlive/texmf-dist/tex/generic/pgf/basiclayer/pgfcorearrows.code.te
x
File: pgfcorearrows.code.tex 2021/05/15 v3.1.9a (3.1.9a)
\pgfarrowsep=\dimen261
)
(/usr/share/texlive/texmf-dist/tex/generic/pgf/basiclayer/pgfcoreshade.code.tex
File: pgfcoreshade.code.tex 2021/05/15 v3.1.9a (3.1.9a)
\pgf@max=\dimen262
\pgf@sys@shading@range@num=\count326
\pgf@shadingcount=\count327
)
(/usr/share/texlive/texmf-dist/tex/generic/pgf/basiclayer/pgfcoreimage.code.tex
File: pgfcoreimage.code.tex 2021/05/15 v3.1.9a (3.1.9a)

(/usr/share/texlive/texmf-dist/tex/generic/pgf/basiclayer/pgfcoreexternal.code.
tex
File: pgfcoreexternal.code.tex 2021/05/15 v3.1.9a (3.1.9a)
\pgfexternal@startupbox=\box69
))
(/usr/share/texlive/texmf-dist/tex/generic/pgf/basiclayer/pgfcorelayers.code.te
x
File: pgfcorelayers.code.tex 2021/05/15 v3.1.9a (3.1.9a)
)
(/usr/share/texlive/texmf-dist/tex/generic/pgf/basiclayer/pgfcoretransparency.c
ode.tex
File: pgfcoretransparency.code.tex 2021/05/15 v3.1.9a (3.1.9a)
)
(/usr/share/texlive/texmf-dist/tex/generic/pgf/basiclayer/pgfcorepatterns.code.
tex
File: pgfcorepatterns.code.tex 2021/05/15 v3.1.9a (3.1.9a)
)
(/usr/share/texlive/texmf-dist/tex/generic/pgf/basiclayer/pgfcorerdf.code.tex
File: pgfcorerdf.code.tex 2021/05/15 v3.1.9a (3.1.9a)
)))
(/usr/share/texlive/texmf-dist/tex/generic/pgf/modules/pgfmoduleshapes.code.tex
File: pgfmoduleshapes.code.tex 2021/05/15 v3.1.9a (3.1.9a)
\pgfnodeparttextbox=\box70
) (/usr/share/texlive/texmf-dist/tex/generic/pgf/modules/pgfmoduleplot.code.tex
File: pgfmoduleplot.code.tex 2021/05/15 v3.1.9a (3.1.9a)
)
(/usr/share/texlive/texmf-dist/tex/latex/pgf/compatibility/pgfcomp-version-0-65
.sty
Package: pgfcomp-version-0-65 2021/05/15 v3.1.9a (3.1.9a)
\pgf@nodesepstart=\dimen263
\pgf@nodesepend=\dimen264
)
(/usr/share/texlive/texmf-dist/tex/latex/pgf/compatibility/pgfcomp-version-1-18
.sty
Package: pgfcomp-version-1-18 2021/05/15 v3.1.9a (3.1.9a)
)) (/usr/share/texlive/texmf-dist/tex/latex/pgf/utilities/pgffor.sty
(/usr/share/texlive/texmf-dist/tex/latex/pgf/utilities/pgfkeys.sty
(/usr/share/texlive/texmf-dist/tex/generic/pgf/utilities/pgfkeys.code.tex))
(/usr/share/texlive/texmf-dist/tex/latex/pgf/math/pgfmath.sty
(/usr/share/texlive/texmf-dist/tex/generic/pgf/math/pgfmath.code.tex))
(/usr/share/texlive/texmf-dist/tex/generic/pgf/utilities/pgffor.code.tex
Package: pgffor 2021/05/15 v3.1.9a (3.1.9a)

(/usr/share/texlive/texmf-dist/tex/generic/pgf/math/pgfmath.code.tex)
\pgffor@iter=\dimen265
\pgffor@skip=\dimen266
\pgffor@stack=\toks51
\pgffor@toks=\toks52
))
(/usr/share/texlive/texmf-dist/tex/generic/pgf/frontendlayer/tikz/tikz.code.tex
Package: tikz 2021/05/15 v3.1.9a (3.1.9a)

(/usr/share/texlive/texmf-dist/tex/generic/pgf/libraries/pgflibraryplothandlers
.code.tex
File: pgflibraryplothandlers.code.tex 2021/05/15 v3.1.9a (3.1.9a)
\pgf@plot@mark@count=\count328
\pgfplotmarksize=\dimen267
)
\tikz@lastx=\dimen268
\tikz@lasty=\dimen269
\tikz@lastxsaved=\dimen270
\tikz@lastysaved=\dimen271
\tikz@lastmovetox=\dimen272
\tikz@lastmovetoy=\dimen273
\tikzleveldistance=\dimen274
\tikzsiblingdistance=\dimen275
\tikz@figbox=\box71
\tikz@figbox@bg=\box72
\tikz@tempbox=\box73
\tikz@tempbox@bg=\box74
\tikztreelevel=\count329
\tikznumberofchildren=\count330
\tikznumberofcurrentchild=\count331
\tikz@fig@count=\count332

(/usr/share/texlive/texmf-dist/tex/generic/pgf/modules/pgfmodulematrix.code.tex
File: pgfmodulematrix.code.tex 2021/05/15 v3.1.9a (3.1.9a)
\pgfmatrixcurrentrow=\count333
\pgfmatrixcurrentcolumn=\count334
\pgf@matrix@numberofcolumns=\count335
)
\tikz@expandcount=\count336

(/usr/share/texlive/texmf-dist/tex/generic/pgf/frontendlayer/tikz/libraries/tik
zlibrarytopaths.code.tex
File: tikzlibrarytopaths.code.tex 2021/05/15 v3.1.9a (3.1.9a)
)))
(/usr/share/texlive/texmf-dist/tex/generic/pgf/frontendlayer/tikz/libraries/tik
zlibrarypositioning.code.tex
File: tikzlibrarypositioning.code.tex 2021/05/15 v3.1.9a (3.1.9a)
)
(/usr/share/texlive/texmf-dist/tex/latex/microtype/microtype.sty
Package: microtype 2021/12/10 v3.0b Micro-typographical refinements (RS)
\MT@toks=\toks53
\MT@count=\count337
\MT@tempbox=\box75
LaTeX Info: Redefining \leftprotrusion on input line 1010.
LaTeX Info: Redefining \rightprotrusion on input line 1018.
LaTeX Info: Redefining \textls on input line 1173.
\MT@outer@kern=\dimen276
LaTeX Info: Redefining \textmicrotypecontext on input line 1759.
\MT@listname@count=\count338

(/usr/share/texlive/texmf-dist/tex/latex/microtype/microtype-pdftex.def
File: microtype-pdftex.def 2021/12/10 v3.0b Definitions specific to pdftex (RS)

LaTeX Info: Redefining \lsstyle on input line 897.
LaTeX Info: Redefining \lslig on input line 897.
\MT@outer@space=\skip81
)
Package microtype Info: Loading configuration file microtype.cfg.

(/usr/share/texlive/texmf-dist/tex/latex/microtype/microtype.cfg
File: microtype.cfg 2021/12/10 v3.0b microtype main configuration file (RS)
))
Package hyperref Info: Option `pdfnewwindow' set `true' on input line 107.
Package hyperref Info: Option `plainpages' set `false' on input line 107.
)
(./thesis_main.aux (./chapters/0_0-titlepage.aux)
(./chapters/0_1-declaration.aux) (./chapters/0_2-abstract.aux)
(./chapters/1-introduction.aux) (./chapters/2-relatedwork.aux)
(./chapters/3-background.aux) (./chapters/4-approach.aux)
(./chapters/5-experiments.aux

LaTeX Warning: Label `eq:depth' multiply defined.

) (./chapters/6-conclusions.aux) (./chapters/7-acknowledgments.aux))
\openout1 = `thesis_main.aux'.

LaTeX Font Info:    Checking defaults for OML/cmm/m/it on input line 11.
LaTeX Font Info:    ... okay on input line 11.
LaTeX Font Info:    Checking defaults for OMS/cmsy/m/n on input line 11.
LaTeX Font Info:    ... okay on input line 11.
LaTeX Font Info:    Checking defaults for OT1/cmr/m/n on input line 11.
LaTeX Font Info:    ... okay on input line 11.
LaTeX Font Info:    Checking defaults for T1/cmr/m/n on input line 11.
LaTeX Font Info:    ... okay on input line 11.
LaTeX Font Info:    Checking defaults for TS1/cmr/m/n on input line 11.
LaTeX Font Info:    ... okay on input line 11.
LaTeX Font Info:    Checking defaults for OMX/cmex/m/n on input line 11.
LaTeX Font Info:    ... okay on input line 11.
LaTeX Font Info:    Checking defaults for U/cmr/m/n on input line 11.
LaTeX Font Info:    ... okay on input line 11.
LaTeX Font Info:    Checking defaults for PD1/pdf/m/n on input line 11.
LaTeX Font Info:    ... okay on input line 11.
LaTeX Font Info:    Checking defaults for PU/pdf/m/n on input line 11.
LaTeX Font Info:    ... okay on input line 11.
Package scrbase Info: activating english \contentsname on input line 11.
Package scrbase Info: activating english \listfigurename on input line 11.
Package scrbase Info: activating english \listtablename on input line 11.

(/usr/share/texlive/texmf-dist/tex/latex/ucs/ucsencs.def
File: ucsencs.def 2011/01/21 Fixes to fontencodings LGR, T3
)
Package caption Info: Begin \AtBeginDocument code.
Package caption Info: float package is loaded.
Package caption Info: hyperref package is loaded.
Package caption Info: listings package is loaded.
Package caption Info: End \AtBeginDocument code.
\c@lstlisting=\count339
Package scrhack Info: undefining \float@addtolists on input line 11.
Package hyperref Info: Link coloring OFF on input line 11.

(/usr/share/texlive/texmf-dist/tex/latex/hyperref/nameref.sty
Package: nameref 2021-04-02 v2.47 Cross-referencing by name of section

(/usr/share/texlive/texmf-dist/tex/latex/refcount/refcount.sty
Package: refcount 2019/12/15 v3.6 Data extraction from label references (HO)
)
(/usr/share/texlive/texmf-dist/tex/generic/gettitlestring/gettitlestring.sty
Package: gettitlestring 2019/12/15 v1.6 Cleanup title references (HO)
)
\c@section@level=\count340
)
LaTeX Info: Redefining \ref on input line 11.
LaTeX Info: Redefining \pageref on input line 11.
LaTeX Info: Redefining \nameref on input line 11.

(./thesis_main.out) (./thesis_main.out)
\@outlinefile=\write4
\openout4 = `thesis_main.out'.



Package hyperref Warning: Rerun to get /PageLabels entry.

Class scrbook Info: loading recommended package `bookmark'.
(scrbook)           Using `bookmark' together with `hyperref' is recommended,
(scrbook)           because of handling of possible bookmark level gaps.
(scrbook)           You can avoid loading `bookmark' with KOMA-Script option
(scrbook)           `bookmarkpackage=false' before \begin{document} and
(scrbook)           you can avoid this message adding:
(scrbook)             \usepackage[dvips]{bookmark}
(scrbook)           before \begin{document} on input line 11.
(/usr/share/texlive/texmf-dist/tex/latex/bookmark/bookmark.sty
Package: bookmark 2020-11-06 v1.29 PDF bookmarks (HO)

(/usr/share/texlive/texmf-dist/tex/latex/bookmark/bkm-dvips.def
File: bkm-dvips.def 2020-11-06 v1.29 bookmark driver for dvips (HO)
\BKM@id=\count341
))
LaTeX Info: Redefining \microtypecontext on input line 11.
Package microtype Info: Applying patch `item' on input line 11.
Package microtype Info: Applying patch `toc' on input line 11.


Package microtype Warning: Unable to apply patch `eqnum' on input line 11.

Package microtype Info: Applying patch `footnote' on input line 11.
Package microtype Info: Generating DVI output.
Package microtype Info: Character protrusion enabled (level 2).
Package microtype Info: Using default protrusion set `alltext'.
Package microtype Info: Non-automatic font expansion enabled (level 2),
(microtype)             stretch: 20, shrink: 20, step: 1, non-selected.
Package microtype Info: Using default expansion set `alltext-nott'.
LaTeX Info: Redefining \showhyphens on input line 11.
Package microtype Info: No adjustment of tracking.
Package microtype Info: No adjustment of interword spacing.
Package microtype Info: Adjustment of character kerning enabled.
Package microtype Info: Using default kerning set `alltext'.
(/usr/share/texlive/texmf-dist/tex/latex/microtype/mt-cmr.cfg
File: mt-cmr.cfg 2013/05/19 v2.2 microtype config. file: Computer Modern Roman 
(RS)
)
! Font csnameendcsname=ecrm1095+20 at 10.95pt not loadable: Metric (TFM) file n
ot found.
<to be read again> 
                   relax 
l.11 \begin{document}
                     
I wasn't able to read the size data for this font,
so I will ignore the font specification.
[Wizards can fix TFM files using TFtoPL/PLtoTF.]
You might try inserting a different font spec;
e.g., type `I\font<same font id>=<substitute font name>'.

! Font csnameendcsname=ecrm1095-20 at 10.95pt not loadable: Metric (TFM) file n
ot found.
<to be read again> 
                   relax 
l.11 \begin{document}
                     
I wasn't able to read the size data for this font,
so I will ignore the font specification.
[Wizards can fix TFM files using TFtoPL/PLtoTF.]
You might try inserting a different font spec;
e.g., type `I\font<same font id>=<substitute font name>'.

Package hyperref Info: Option `pageanchor' set `false' on input line 15.
\openout2 = `chapters/0_0-titlepage.aux'.

(./chapters/0_0-titlepage.tex
! Font csnameendcsname=ecrm1440+20 at 14.4pt not loadable: Metric (TFM) file no
t found.
<to be read again> 
                   relax 
l.7 {\Large
            Master's Thesis}\\[1.3cm]
I wasn't able to read the size data for this font,
so I will ignore the font specification.
[Wizards can fix TFM files using TFtoPL/PLtoTF.]
You might try inserting a different font spec;
e.g., type `I\font<same font id>=<substitute font name>'.

! Font csnameendcsname=ecrm1440-20 at 14.4pt not loadable: Metric (TFM) file no
t found.
<to be read again> 
                   relax 
l.7 {\Large
            Master's Thesis}\\[1.3cm]
I wasn't able to read the size data for this font,
so I will ignore the font specification.
[Wizards can fix TFM files using TFtoPL/PLtoTF.]
You might try inserting a different font spec;
e.g., type `I\font<same font id>=<substitute font name>'.

! Font csnameendcsname=ecrm2074+20 at 20.74pt not loadable: Metric (TFM) file n
ot found.
<to be read again> 
                   relax 
l.13     {\huge
                \bfseries Design and Implementation of a } \\
I wasn't able to read the size data for this font,
so I will ignore the font specification.
[Wizards can fix TFM files using TFtoPL/PLtoTF.]
You might try inserting a different font spec;
e.g., type `I\font<same font id>=<substitute font name>'.

! Font csnameendcsname=ecrm2074-20 at 20.74pt not loadable: Metric (TFM) file n
ot found.
<to be read again> 
                   relax 
l.13     {\huge
                \bfseries Design and Implementation of a } \\
I wasn't able to read the size data for this font,
so I will ignore the font specification.
[Wizards can fix TFM files using TFtoPL/PLtoTF.]
You might try inserting a different font spec;
e.g., type `I\font<same font id>=<substitute font name>'.

! Font csnameendcsname=ecbx2074+20 at 20.74pt not loadable: Metric (TFM) file n
ot found.
<to be read again> 
                   relax 
l.13     {\huge \bfseries
                          Design and Implementation of a } \\
I wasn't able to read the size data for this font,
so I will ignore the font specification.
[Wizards can fix TFM files using TFtoPL/PLtoTF.]
You might try inserting a different font spec;
e.g., type `I\font<same font id>=<substitute font name>'.

! Font csnameendcsname=ecbx2074-20 at 20.74pt not loadable: Metric (TFM) file n
ot found.
<to be read again> 
                   relax 
l.13     {\huge \bfseries
                          Design and Implementation of a } \\
I wasn't able to read the size data for this font,
so I will ignore the font specification.
[Wizards can fix TFM files using TFtoPL/PLtoTF.]
You might try inserting a different font spec;
e.g., type `I\font<same font id>=<substitute font name>'.

! Font csnameendcsname=ecrm2488+20 at 24.88pt not loadable: Metric (TFM) file n
ot found.
<to be read again> 
                   relax 
l.20 {\Huge
            Alhajras Algdairy} \\[2cm]
I wasn't able to read the size data for this font,
so I will ignore the font specification.
[Wizards can fix TFM files using TFtoPL/PLtoTF.]
You might try inserting a different font spec;
e.g., type `I\font<same font id>=<substitute font name>'.

! Font csnameendcsname=ecrm2488-20 at 24.88pt not loadable: Metric (TFM) file n
ot found.
<to be read again> 
                   relax 
l.20 {\Huge
            Alhajras Algdairy} \\[2cm]
I wasn't able to read the size data for this font,
so I will ignore the font specification.
[Wizards can fix TFM files using TFtoPL/PLtoTF.]
You might try inserting a different font spec;
e.g., type `I\font<same font id>=<substitute font name>'.

! Font csnameendcsname=cmr10+20 at 10.95pt not loadable: Metric (TFM) file not 
found.
<to be read again> 
                   relax 
l.23 \begin{tabular}
                    [hc]{>{\huge}l >{\huge}l}
I wasn't able to read the size data for this font,
so I will ignore the font specification.
[Wizards can fix TFM files using TFtoPL/PLtoTF.]
You might try inserting a different font spec;
e.g., type `I\font<same font id>=<substitute font name>'.

! Font csnameendcsname=cmr10-20 at 10.95pt not loadable: Metric (TFM) file not 
found.
<to be read again> 
                   relax 
l.23 \begin{tabular}
                    [hc]{>{\huge}l >{\huge}l}
I wasn't able to read the size data for this font,
so I will ignore the font specification.
[Wizards can fix TFM files using TFtoPL/PLtoTF.]
You might try inserting a different font spec;
e.g., type `I\font<same font id>=<substitute font name>'.

! Font csnameendcsname=cmr8+20 at 8.0pt not loadable: Metric (TFM) file not fou
nd.
<to be read again> 
                   relax 
l.23 \begin{tabular}
                    [hc]{>{\huge}l >{\huge}l}
I wasn't able to read the size data for this font,
so I will ignore the font specification.
[Wizards can fix TFM files using TFtoPL/PLtoTF.]
You might try inserting a different font spec;
e.g., type `I\font<same font id>=<substitute font name>'.

! Font csnameendcsname=cmr8-20 at 8.0pt not loadable: Metric (TFM) file not fou
nd.
<to be read again> 
                   relax 
l.23 \begin{tabular}
                    [hc]{>{\huge}l >{\huge}l}
I wasn't able to read the size data for this font,
so I will ignore the font specification.
[Wizards can fix TFM files using TFtoPL/PLtoTF.]
You might try inserting a different font spec;
e.g., type `I\font<same font id>=<substitute font name>'.

! Font csnameendcsname=cmr6+20 at 6.0pt not loadable: Metric (TFM) file not fou
nd.
<to be read again> 
                   relax 
l.23 \begin{tabular}
                    [hc]{>{\huge}l >{\huge}l}
I wasn't able to read the size data for this font,
so I will ignore the font specification.
[Wizards can fix TFM files using TFtoPL/PLtoTF.]
You might try inserting a different font spec;
e.g., type `I\font<same font id>=<substitute font name>'.

! Font csnameendcsname=cmr6-20 at 6.0pt not loadable: Metric (TFM) file not fou
nd.
<to be read again> 
                   relax 
l.23 \begin{tabular}
                    [hc]{>{\huge}l >{\huge}l}
I wasn't able to read the size data for this font,
so I will ignore the font specification.
[Wizards can fix TFM files using TFtoPL/PLtoTF.]
You might try inserting a different font spec;
e.g., type `I\font<same font id>=<substitute font name>'.

LaTeX Font Info:    Trying to load font information for U+msa on input line 23.

(/usr/share/texlive/texmf-dist/tex/latex/amsfonts/umsa.fd
File: umsa.fd 2013/01/14 v3.01 AMS symbols A
)
(/usr/share/texlive/texmf-dist/tex/latex/microtype/mt-msa.cfg
File: mt-msa.cfg 2006/02/04 v1.1 microtype config. file: AMS symbols (a) (RS)
)
LaTeX Font Info:    Trying to load font information for U+msb on input line 23.


(/usr/share/texlive/texmf-dist/tex/latex/amsfonts/umsb.fd
File: umsb.fd 2013/01/14 v3.01 AMS symbols B
)
(/usr/share/texlive/texmf-dist/tex/latex/microtype/mt-msb.cfg
File: mt-msb.cfg 2005/06/01 v1.0 microtype config. file: AMS symbols (b) (RS)
)
! Font csnameendcsname=cmbx10+20 at 10.95pt not loadable: Metric (TFM) file not
 found.
<to be read again> 
                   relax 
l.23 \begin{tabular}
                    [hc]{>{\huge}l >{\huge}l}
I wasn't able to read the size data for this font,
so I will ignore the font specification.
[Wizards can fix TFM files using TFtoPL/PLtoTF.]
You might try inserting a different font spec;
e.g., type `I\font<same font id>=<substitute font name>'.

! Font csnameendcsname=cmbx10-20 at 10.95pt not loadable: Metric (TFM) file not
 found.
<to be read again> 
                   relax 
l.23 \begin{tabular}
                    [hc]{>{\huge}l >{\huge}l}
I wasn't able to read the size data for this font,
so I will ignore the font specification.
[Wizards can fix TFM files using TFtoPL/PLtoTF.]
You might try inserting a different font spec;
e.g., type `I\font<same font id>=<substitute font name>'.

! Font csnameendcsname=cmbx8+20 at 8.0pt not loadable: Metric (TFM) file not fo
und.
<to be read again> 
                   relax 
l.23 \begin{tabular}
                    [hc]{>{\huge}l >{\huge}l}
I wasn't able to read the size data for this font,
so I will ignore the font specification.
[Wizards can fix TFM files using TFtoPL/PLtoTF.]
You might try inserting a different font spec;
e.g., type `I\font<same font id>=<substitute font name>'.

! Font csnameendcsname=cmbx8-20 at 8.0pt not loadable: Metric (TFM) file not fo
und.
<to be read again> 
                   relax 
l.23 \begin{tabular}
                    [hc]{>{\huge}l >{\huge}l}
I wasn't able to read the size data for this font,
so I will ignore the font specification.
[Wizards can fix TFM files using TFtoPL/PLtoTF.]
You might try inserting a different font spec;
e.g., type `I\font<same font id>=<substitute font name>'.

! Font csnameendcsname=cmbx6+20 at 6.0pt not loadable: Metric (TFM) file not fo
und.
<to be read again> 
                   relax 
l.23 \begin{tabular}
                    [hc]{>{\huge}l >{\huge}l}
I wasn't able to read the size data for this font,
so I will ignore the font specification.
[Wizards can fix TFM files using TFtoPL/PLtoTF.]
You might try inserting a different font spec;
e.g., type `I\font<same font id>=<substitute font name>'.

! Font csnameendcsname=cmbx6-20 at 6.0pt not loadable: Metric (TFM) file not fo
und.
<to be read again> 
                   relax 
l.23 \begin{tabular}
                    [hc]{>{\huge}l >{\huge}l}
I wasn't able to read the size data for this font,
so I will ignore the font specification.
[Wizards can fix TFM files using TFtoPL/PLtoTF.]
You might try inserting a different font spec;
e.g., type `I\font<same font id>=<substitute font name>'.

! Font csnameendcsname=cmr12+20 at 14.4pt not loadable: Metric (TFM) file not f
ound.
<to be read again> 
                   relax 
l.35     October 31\textsuperscript{st}
                                       , 2023\\
I wasn't able to read the size data for this font,
so I will ignore the font specification.
[Wizards can fix TFM files using TFtoPL/PLtoTF.]
You might try inserting a different font spec;
e.g., type `I\font<same font id>=<substitute font name>'.

! Font csnameendcsname=cmr12-20 at 14.4pt not loadable: Metric (TFM) file not f
ound.
<to be read again> 
                   relax 
l.35     October 31\textsuperscript{st}
                                       , 2023\\
I wasn't able to read the size data for this font,
so I will ignore the font specification.
[Wizards can fix TFM files using TFtoPL/PLtoTF.]
You might try inserting a different font spec;
e.g., type `I\font<same font id>=<substitute font name>'.

! Font csnameendcsname=cmr10+20 at 10.0pt not loadable: Metric (TFM) file not f
ound.
<to be read again> 
                   relax 
l.35     October 31\textsuperscript{st}
                                       , 2023\\
I wasn't able to read the size data for this font,
so I will ignore the font specification.
[Wizards can fix TFM files using TFtoPL/PLtoTF.]
You might try inserting a different font spec;
e.g., type `I\font<same font id>=<substitute font name>'.

! Font csnameendcsname=cmr10-20 at 10.0pt not loadable: Metric (TFM) file not f
ound.
<to be read again> 
                   relax 
l.35     October 31\textsuperscript{st}
                                       , 2023\\
I wasn't able to read the size data for this font,
so I will ignore the font specification.
[Wizards can fix TFM files using TFtoPL/PLtoTF.]
You might try inserting a different font spec;
e.g., type `I\font<same font id>=<substitute font name>'.

! Font csnameendcsname=cmr7+20 at 7.0pt not loadable: Metric (TFM) file not fou
nd.
<to be read again> 
                   relax 
l.35     October 31\textsuperscript{st}
                                       , 2023\\
I wasn't able to read the size data for this font,
so I will ignore the font specification.
[Wizards can fix TFM files using TFtoPL/PLtoTF.]
You might try inserting a different font spec;
e.g., type `I\font<same font id>=<substitute font name>'.

! Font csnameendcsname=cmr7-20 at 7.0pt not loadable: Metric (TFM) file not fou
nd.
<to be read again> 
                   relax 
l.35     October 31\textsuperscript{st}
                                       , 2023\\
I wasn't able to read the size data for this font,
so I will ignore the font specification.
[Wizards can fix TFM files using TFtoPL/PLtoTF.]
You might try inserting a different font spec;
e.g., type `I\font<same font id>=<substitute font name>'.

! Font csnameendcsname=cmbx12+20 at 14.4pt not loadable: Metric (TFM) file not 
found.
<to be read again> 
                   relax 
l.35     October 31\textsuperscript{st}
                                       , 2023\\
I wasn't able to read the size data for this font,
so I will ignore the font specification.
[Wizards can fix TFM files using TFtoPL/PLtoTF.]
You might try inserting a different font spec;
e.g., type `I\font<same font id>=<substitute font name>'.

! Font csnameendcsname=cmbx12-20 at 14.4pt not loadable: Metric (TFM) file not 
found.
<to be read again> 
                   relax 
l.35     October 31\textsuperscript{st}
                                       , 2023\\
I wasn't able to read the size data for this font,
so I will ignore the font specification.
[Wizards can fix TFM files using TFtoPL/PLtoTF.]
You might try inserting a different font spec;
e.g., type `I\font<same font id>=<substitute font name>'.

! Font csnameendcsname=cmbx10+20 at 10.0pt not loadable: Metric (TFM) file not 
found.
<to be read again> 
                   relax 
l.35     October 31\textsuperscript{st}
                                       , 2023\\
I wasn't able to read the size data for this font,
so I will ignore the font specification.
[Wizards can fix TFM files using TFtoPL/PLtoTF.]
You might try inserting a different font spec;
e.g., type `I\font<same font id>=<substitute font name>'.

! Font csnameendcsname=cmbx10-20 at 10.0pt not loadable: Metric (TFM) file not 
found.
<to be read again> 
                   relax 
l.35     October 31\textsuperscript{st}
                                       , 2023\\
I wasn't able to read the size data for this font,
so I will ignore the font specification.
[Wizards can fix TFM files using TFtoPL/PLtoTF.]
You might try inserting a different font spec;
e.g., type `I\font<same font id>=<substitute font name>'.

! Font csnameendcsname=cmbx7+20 at 7.0pt not loadable: Metric (TFM) file not fo
und.
<to be read again> 
                   relax 
l.35     October 31\textsuperscript{st}
                                       , 2023\\
I wasn't able to read the size data for this font,
so I will ignore the font specification.
[Wizards can fix TFM files using TFtoPL/PLtoTF.]
You might try inserting a different font spec;
e.g., type `I\font<same font id>=<substitute font name>'.

! Font csnameendcsname=cmbx7-20 at 7.0pt not loadable: Metric (TFM) file not fo
und.
<to be read again> 
                   relax 
l.35     October 31\textsuperscript{st}
                                       , 2023\\
I wasn't able to read the size data for this font,
so I will ignore the font specification.
[Wizards can fix TFM files using TFtoPL/PLtoTF.]
You might try inserting a different font spec;
e.g., type `I\font<same font id>=<substitute font name>'.

! Font csnameendcsname=ecrm1000+20 at 10.0pt not loadable: Metric (TFM) file no
t found.
<to be read again> 
                   relax 
l.35     October 31\textsuperscript{st}
                                       , 2023\\
I wasn't able to read the size data for this font,
so I will ignore the font specification.
[Wizards can fix TFM files using TFtoPL/PLtoTF.]
You might try inserting a different font spec;
e.g., type `I\font<same font id>=<substitute font name>'.

! Font csnameendcsname=ecrm1000-20 at 10.0pt not loadable: Metric (TFM) file no
t found.
<to be read again> 
                   relax 
l.35     October 31\textsuperscript{st}
                                       , 2023\\
I wasn't able to read the size data for this font,
so I will ignore the font specification.
[Wizards can fix TFM files using TFtoPL/PLtoTF.]
You might try inserting a different font spec;
e.g., type `I\font<same font id>=<substitute font name>'.

[1




]
! Font csnameendcsname=ecbx1095+20 at 10.95pt not loadable: Metric (TFM) file n
ot found.
<to be read again> 
                   relax 
l.43 \textbf{Writing period}
                                        \smallskip{} \\
I wasn't able to read the size data for this font,
so I will ignore the font specification.
[Wizards can fix TFM files using TFtoPL/PLtoTF.]
You might try inserting a different font spec;
e.g., type `I\font<same font id>=<substitute font name>'.

! Font csnameendcsname=ecbx1095-20 at 10.95pt not loadable: Metric (TFM) file n
ot found.
<to be read again> 
                   relax 
l.43 \textbf{Writing period}
                                        \smallskip{} \\
I wasn't able to read the size data for this font,
so I will ignore the font specification.
[Wizards can fix TFM files using TFtoPL/PLtoTF.]
You might try inserting a different font spec;
e.g., type `I\font<same font id>=<substitute font name>'.

) [2]
\openout2 = `chapters/0_1-declaration.aux'.

 (./chapters/0_1-declaration.tex
LaTeX Font Info:    Trying to load font information for T1+cmss on input line 5
.

(/usr/share/texlive/texmf-dist/tex/latex/base/t1cmss.fd
File: t1cmss.fd 2019/12/16 v2.5j Standard LaTeX font definitions
)
Package microtype Info: Loading generic protrusion settings for font family
(microtype)             `cmss' (encoding: T1).
(microtype)             For optimal results, create family-specific settings.
(microtype)             See the microtype manual for details.

! Font csnameendcsname=ecss1095+20 at 10.95pt not loadable: Metric (TFM) file n
ot found.
<to be read again> 
                   relax 
l.5 \chapter*{Declaration}
                          
I wasn't able to read the size data for this font,
so I will ignore the font specification.
[Wizards can fix TFM files using TFtoPL/PLtoTF.]
You might try inserting a different font spec;
e.g., type `I\font<same font id>=<substitute font name>'.

! Font csnameendcsname=ecss1095-20 at 10.95pt not loadable: Metric (TFM) file n
ot found.
<to be read again> 
                   relax 
l.5 \chapter*{Declaration}
                          
I wasn't able to read the size data for this font,
so I will ignore the font specification.
[Wizards can fix TFM files using TFtoPL/PLtoTF.]
You might try inserting a different font spec;
e.g., type `I\font<same font id>=<substitute font name>'.

! Font csnameendcsname=ecsx1095+20 at 10.95pt not loadable: Metric (TFM) file n
ot found.
<to be read again> 
                   relax 
l.5 \chapter*{Declaration}
                          
I wasn't able to read the size data for this font,
so I will ignore the font specification.
[Wizards can fix TFM files using TFtoPL/PLtoTF.]
You might try inserting a different font spec;
e.g., type `I\font<same font id>=<substitute font name>'.

! Font csnameendcsname=ecsx1095-20 at 10.95pt not loadable: Metric (TFM) file n
ot found.
<to be read again> 
                   relax 
l.5 \chapter*{Declaration}
                          
I wasn't able to read the size data for this font,
so I will ignore the font specification.
[Wizards can fix TFM files using TFtoPL/PLtoTF.]
You might try inserting a different font spec;
e.g., type `I\font<same font id>=<substitute font name>'.

) [1







]
\openout2 = `chapters/0_2-abstract.aux'.

 (./chapters/0_2-abstract.tex [2





]) [3] [4




]
Package tocbasic Info: character protrusion at toc deactivated on input line 24
.
 (./thesis_main.toc
Underfull \vbox (badness 1635) has occurred while \output is active []

 [5])
\tf@toc=\write5
\openout5 = `thesis_main.toc'.


[6]
Package tocbasic Info: character protrusion at lof deactivated on input line 25
.
 (./thesis_main.lof

LaTeX Warning: Citation `brin1998anatomy' on page vii undefined on input line 3
.


LaTeX Warning: Citation `manning2008' on page vii undefined on input line 6.


LaTeX Warning: Citation `bfs' on page vii undefined on input line 7.


Overfull \hbox (14.45157pt too wide) in paragraph at lines 7--7
 [][] [] [][]  
 []


LaTeX Warning: Citation `castillo2005effective' on page vii undefined on input 
line 9.


Overfull \hbox (891.6767pt too wide) in paragraph at lines 9--9
 [][] [] [][]  
 []


Overfull \hbox (165.63916pt too wide) in paragraph at lines 12--12
 [][] [] [][]  
 []


Overfull \hbox (18.1504pt too wide) in paragraph at lines 13--13
 [][] [] [][]  
 []


Overfull \hbox (15.60791pt too wide) in paragraph at lines 14--14
 [][] [] [][]  
 []

)
\tf@lof=\write6
\openout6 = `thesis_main.lof'.

 [7


] [8


]
Package tocbasic Info: character protrusion at lot deactivated on input line 26
.
 (./thesis_main.lot
Overfull \hbox (113.97568pt too wide) in paragraph at lines 5--5
 [][] [] [][]  
 []


Overfull \hbox (65.4638pt too wide) in paragraph at lines 25--25
 [][] [] [][]  
 []

)
\tf@lot=\write7
\openout7 = `thesis_main.lot'.

 [9] [10


]
Package tocbasic Info: character protrusion at loa deactivated on input line 27
.
 (./thesis_main.loa)
\tf@loa=\write8
\openout8 = `thesis_main.loa'.

Package hyperref Info: Option `pageanchor' set `true' on input line 28.
 [11] [12


]
\openout2 = `chapters/1-introduction.aux'.

 (./chapters/1-introduction.tex
chapter 1.
! Font csnameendcsname=ecsx1440+20 at 14.4pt not loadable: Metric (TFM) file no
t found.
<to be read again> 
                   relax 
l.3 \section{Motivation}
                        
I wasn't able to read the size data for this font,
so I will ignore the font specification.
[Wizards can fix TFM files using TFtoPL/PLtoTF.]
You might try inserting a different font spec;
e.g., type `I\font<same font id>=<substitute font name>'.

! Font csnameendcsname=ecsx1440-20 at 14.4pt not loadable: Metric (TFM) file no
t found.
<to be read again> 
                   relax 
l.3 \section{Motivation}
                        
I wasn't able to read the size data for this font,
so I will ignore the font specification.
[Wizards can fix TFM files using TFtoPL/PLtoTF.]
You might try inserting a different font spec;
e.g., type `I\font<same font id>=<substitute font name>'.

! Font csnameendcsname=ecrm0800+20 at 8.0pt not loadable: Metric (TFM) file not
 found.
<to be read again> 
                   relax 
l.6 ...e latter half of the 20\textsuperscript{th}
                                                   century, the importance o...
I wasn't able to read the size data for this font,
so I will ignore the font specification.
[Wizards can fix TFM files using TFtoPL/PLtoTF.]
You might try inserting a different font spec;
e.g., type `I\font<same font id>=<substitute font name>'.

! Font csnameendcsname=ecrm0800-20 at 8.0pt not loadable: Metric (TFM) file not
 found.
<to be read again> 
                   relax 
l.6 ...e latter half of the 20\textsuperscript{th}
                                                   century, the importance o...
I wasn't able to read the size data for this font,
so I will ignore the font specification.
[Wizards can fix TFM files using TFtoPL/PLtoTF.]
You might try inserting a different font spec;
e.g., type `I\font<same font id>=<substitute font name>'.

! Font csnameendcsname=ecrm0900+20 at 9.0pt not loadable: Metric (TFM) file not
 found.
<to be read again> 
                   relax 
l.6 ...uters to understand and manipulate speech.}
                                                   is becoming a new hot top...
I wasn't able to read the size data for this font,
so I will ignore the font specification.
[Wizards can fix TFM files using TFtoPL/PLtoTF.]
You might try inserting a different font spec;
e.g., type `I\font<same font id>=<substitute font name>'.

! Font csnameendcsname=ecrm0900-20 at 9.0pt not loadable: Metric (TFM) file not
 found.
<to be read again> 
                   relax 
l.6 ...uters to understand and manipulate speech.}
                                                   is becoming a new hot top...
I wasn't able to read the size data for this font,
so I will ignore the font specification.
[Wizards can fix TFM files using TFtoPL/PLtoTF.]
You might try inserting a different font spec;
e.g., type `I\font<same font id>=<substitute font name>'.

! Font csnameendcsname=cmr9+20 at 9.0pt not loadable: Metric (TFM) file not fou
nd.
<to be read again> 
                   relax 
l.6 ...uters to understand and manipulate speech.}
                                                   is becoming a new hot top...
I wasn't able to read the size data for this font,
so I will ignore the font specification.
[Wizards can fix TFM files using TFtoPL/PLtoTF.]
You might try inserting a different font spec;
e.g., type `I\font<same font id>=<substitute font name>'.

! Font csnameendcsname=cmr9-20 at 9.0pt not loadable: Metric (TFM) file not fou
nd.
<to be read again> 
                   relax 
l.6 ...uters to understand and manipulate speech.}
                                                   is becoming a new hot top...
I wasn't able to read the size data for this font,
so I will ignore the font specification.
[Wizards can fix TFM files using TFtoPL/PLtoTF.]
You might try inserting a different font spec;
e.g., type `I\font<same font id>=<substitute font name>'.

! Font csnameendcsname=cmr5+20 at 5.0pt not loadable: Metric (TFM) file not fou
nd.
<to be read again> 
                   relax 
l.6 ...uters to understand and manipulate speech.}
                                                   is becoming a new hot top...
I wasn't able to read the size data for this font,
so I will ignore the font specification.
[Wizards can fix TFM files using TFtoPL/PLtoTF.]
You might try inserting a different font spec;
e.g., type `I\font<same font id>=<substitute font name>'.

! Font csnameendcsname=cmr5-20 at 5.0pt not loadable: Metric (TFM) file not fou
nd.
<to be read again> 
                   relax 
l.6 ...uters to understand and manipulate speech.}
                                                   is becoming a new hot top...
I wasn't able to read the size data for this font,
so I will ignore the font specification.
[Wizards can fix TFM files using TFtoPL/PLtoTF.]
You might try inserting a different font spec;
e.g., type `I\font<same font id>=<substitute font name>'.

! Font csnameendcsname=cmbx9+20 at 9.0pt not loadable: Metric (TFM) file not fo
und.
<to be read again> 
                   relax 
l.6 ...uters to understand and manipulate speech.}
                                                   is becoming a new hot top...
I wasn't able to read the size data for this font,
so I will ignore the font specification.
[Wizards can fix TFM files using TFtoPL/PLtoTF.]
You might try inserting a different font spec;
e.g., type `I\font<same font id>=<substitute font name>'.

! Font csnameendcsname=cmbx9-20 at 9.0pt not loadable: Metric (TFM) file not fo
und.
<to be read again> 
                   relax 
l.6 ...uters to understand and manipulate speech.}
                                                   is becoming a new hot top...
I wasn't able to read the size data for this font,
so I will ignore the font specification.
[Wizards can fix TFM files using TFtoPL/PLtoTF.]
You might try inserting a different font spec;
e.g., type `I\font<same font id>=<substitute font name>'.

! Font csnameendcsname=cmbx5+20 at 5.0pt not loadable: Metric (TFM) file not fo
und.
<to be read again> 
                   relax 
l.6 ...uters to understand and manipulate speech.}
                                                   is becoming a new hot top...
I wasn't able to read the size data for this font,
so I will ignore the font specification.
[Wizards can fix TFM files using TFtoPL/PLtoTF.]
You might try inserting a different font spec;
e.g., type `I\font<same font id>=<substitute font name>'.

! Font csnameendcsname=cmbx5-20 at 5.0pt not loadable: Metric (TFM) file not fo
und.
<to be read again> 
                   relax 
l.6 ...uters to understand and manipulate speech.}
                                                   is becoming a new hot top...
I wasn't able to read the size data for this font,
so I will ignore the font specification.
[Wizards can fix TFM files using TFtoPL/PLtoTF.]
You might try inserting a different font spec;
e.g., type `I\font<same font id>=<substitute font name>'.

! Font csnameendcsname=ecrm0600+20 at 6.0pt not loadable: Metric (TFM) file not
 found.
<to be read again> 
                   relax 
l.6 ...uters to understand and manipulate speech.}
                                                   is becoming a new hot top...
I wasn't able to read the size data for this font,
so I will ignore the font specification.
[Wizards can fix TFM files using TFtoPL/PLtoTF.]
You might try inserting a different font spec;
e.g., type `I\font<same font id>=<substitute font name>'.

! Font csnameendcsname=ecrm0600-20 at 6.0pt not loadable: Metric (TFM) file not
 found.
<to be read again> 
                   relax 
l.6 ...uters to understand and manipulate speech.}
                                                   is becoming a new hot top...
I wasn't able to read the size data for this font,
so I will ignore the font specification.
[Wizards can fix TFM files using TFtoPL/PLtoTF.]
You might try inserting a different font spec;
e.g., type `I\font<same font id>=<substitute font name>'.

[1



]
! Font csnameendcsname=tcrm1095+20 at 10.95pt not loadable: Metric (TFM) file n
ot found.
<to be read again> 
                   relax 
l.31   \item W
              hat are the challenges and bottlenecks to creating a scalable,...
I wasn't able to read the size data for this font,
so I will ignore the font specification.
[Wizards can fix TFM files using TFtoPL/PLtoTF.]
You might try inserting a different font spec;
e.g., type `I\font<same font id>=<substitute font name>'.

! Font csnameendcsname=tcrm1095-20 at 10.95pt not loadable: Metric (TFM) file n
ot found.
<to be read again> 
                   relax 
l.31   \item W
              hat are the challenges and bottlenecks to creating a scalable,...
I wasn't able to read the size data for this font,
so I will ignore the font specification.
[Wizards can fix TFM files using TFtoPL/PLtoTF.]
You might try inserting a different font spec;
e.g., type `I\font<same font id>=<substitute font name>'.

[2]) [3]
\openout2 = `chapters/2-relatedwork.aux'.

 (./chapters/2-relatedwork.tex [4





]
chapter 2.

LaTeX Warning: Citation `pinkerton2000webcrawler' on page 5 undefined on input 
line 10.


LaTeX Warning: Citation `statista' on page 5 undefined on input line 12.

[5] [6]

LaTeX Warning: Citation `brin1998anatomy' on page 7 undefined on input line 31.



LaTeX Warning: Citation `brin1998anatomy' on page 7 undefined on input line 35.


[7]

! LaTeX Error: Cannot determine size of graphic in figures/google_arch.png (no 
BoundingBox).

See the LaTeX manual or LaTeX Companion for explanation.
Type  H <return>  for immediate help.
 ...                                              
                                                  
l.40 ...phics[width=10cm]{figures/google_arch.png}
                                                  
Try typing  <return>  to proceed.
If that doesn't work, type  X <return>  to quit.

File: figures/google_arch.png Graphic file (type eps)
<figures/google_arch.png>

LaTeX Warning: Citation `brin1998anatomy' on page 8 undefined on input line 41.



LaTeX Warning: Citation `brin1998anatomy' on page 8 undefined on input line 41.


) [8]
\openout2 = `chapters/3-background.aux'.

 (./chapters/3-background.tex
chapter 3.

! LaTeX Error: Cannot determine size of graphic in figures/engine_components.pn
g (no BoundingBox).

See the LaTeX manual or LaTeX Companion for explanation.
Type  H <return>  for immediate help.
 ...                                              
                                                  
l.14 ...width=10cm]{figures/engine_components.png}
                                                  
Try typing  <return>  to proceed.
If that doesn't work, type  X <return>  to quit.

File: figures/engine_components.png Graphic file (type eps)
<figures/engine_components.png>

LaTeX Warning: `h' float specifier changed to `ht'.

! Font csnameendcsname=ecsx1200+20 at 12.0pt not loadable: Metric (TFM) file no
t found.
<to be read again> 
                   relax 
l.19 \subsection{Requierments and Features}
                                           
I wasn't able to read the size data for this font,
so I will ignore the font specification.
[Wizards can fix TFM files using TFtoPL/PLtoTF.]
You might try inserting a different font spec;
e.g., type `I\font<same font id>=<substitute font name>'.

! Font csnameendcsname=ecsx1200-20 at 12.0pt not loadable: Metric (TFM) file no
t found.
<to be read again> 
                   relax 
l.19 \subsection{Requierments and Features}
                                           
I wasn't able to read the size data for this font,
so I will ignore the font specification.
[Wizards can fix TFM files using TFtoPL/PLtoTF.]
You might try inserting a different font spec;
e.g., type `I\font<same font id>=<substitute font name>'.

[9





] [10]

LaTeX Warning: Citation `kumar2017survey' on page 11 undefined on input line 31
.


LaTeX Warning: Citation `manning2008' on page 11 undefined on input line 35.

[11]

LaTeX Warning: Citation `manning2008' on page 12 undefined on input line 49.


! LaTeX Error: Cannot determine size of graphic in figures/crawler_architecture
.png (no BoundingBox).

See the LaTeX manual or LaTeX Companion for explanation.
Type  H <return>  for immediate help.
 ...                                              
                                                  
l.53 ...th=10cm]{figures/crawler_architecture.png}
                                                  
Try typing  <return>  to proceed.
If that doesn't work, type  X <return>  to quit.

File: figures/crawler_architecture.png Graphic file (type eps)
<figures/crawler_architecture.png>

LaTeX Warning: Citation `manning2008' on page 12 undefined on input line 54.


LaTeX Warning: Citation `manning2008' on page 12 undefined on input line 54.


LaTeX Warning: `h' float specifier changed to `ht'.

LaTeX Font Info:    Trying to load font information for T1+cmtt on input line 6
0.
(/usr/share/texlive/texmf-dist/tex/latex/base/t1cmtt.fd
File: t1cmtt.fd 2019/12/16 v2.5j Standard LaTeX font definitions
)
Package microtype Info: Loading generic protrusion settings for font family
(microtype)             `cmtt' (encoding: T1).
(microtype)             For optimal results, create family-specific settings.
(microtype)             See the microtype manual for details.

Underfull \hbox (badness 10000) in paragraph at lines 60--60
  [][][][][]\T1/cmr/m/n/9 More in-for-ma-tion about Robots.txt can be found in 
the fol-low-ing link:
 []

[12] [13]

! LaTeX Error: Cannot determine size of graphic in figures/bfs-1.png (no Boundi
ngBox).

See the LaTeX manual or LaTeX Companion for explanation.
Type  H <return>  for immediate help.
 ...                                              
                                                  
l.72 ...s[width=0.75\textwidth]{figures/bfs-1.png}
                                                  
Try typing  <return>  to proceed.
If that doesn't work, type  X <return>  to quit.

File: figures/bfs-1.png Graphic file (type eps)
<figures/bfs-1.png>
! Font csnameendcsname=ecbx1000+20 at 10.0pt not loadable: Metric (TFM) file no
t found.
<to be read again> 
                   relax 
l.73     \caption{Initial condition}
                                    
I wasn't able to read the size data for this font,
so I will ignore the font specification.
[Wizards can fix TFM files using TFtoPL/PLtoTF.]
You might try inserting a different font spec;
e.g., type `I\font<same font id>=<substitute font name>'.

! Font csnameendcsname=ecbx1000-20 at 10.0pt not loadable: Metric (TFM) file no
t found.
<to be read again> 
                   relax 
l.73     \caption{Initial condition}
                                    
I wasn't able to read the size data for this font,
so I will ignore the font specification.
[Wizards can fix TFM files using TFtoPL/PLtoTF.]
You might try inserting a different font spec;
e.g., type `I\font<same font id>=<substitute font name>'.


! LaTeX Error: Cannot determine size of graphic in figures/bfs-2.png (no Boundi
ngBox).

See the LaTeX manual or LaTeX Companion for explanation.
Type  H <return>  for immediate help.
 ...                                              
                                                  
l.79 ...s[width=0.75\textwidth]{figures/bfs-2.png}
                                                  
Try typing  <return>  to proceed.
If that doesn't work, type  X <return>  to quit.

File: figures/bfs-2.png Graphic file (type eps)
<figures/bfs-2.png>

! LaTeX Error: Cannot determine size of graphic in figures/bfs-3.png (no Boundi
ngBox).

See the LaTeX manual or LaTeX Companion for explanation.
Type  H <return>  for immediate help.
 ...                                              
                                                  
l.86 ...s[width=0.75\textwidth]{figures/bfs-3.png}
                                                  
Try typing  <return>  to proceed.
If that doesn't work, type  X <return>  to quit.

File: figures/bfs-3.png Graphic file (type eps)
<figures/bfs-3.png>

! LaTeX Error: Cannot determine size of graphic in figures/bfs-4.png (no Boundi
ngBox).

See the LaTeX manual or LaTeX Companion for explanation.
Type  H <return>  for immediate help.
 ...                                              
                                                  
l.92 ...s[width=0.75\textwidth]{figures/bfs-4.png}
                                                  
Try typing  <return>  to proceed.
If that doesn't work, type  X <return>  to quit.

File: figures/bfs-4.png Graphic file (type eps)
<figures/bfs-4.png>
Underfull \hbox (badness 10000) in paragraph at lines 70--97
[][][]
 []


LaTeX Warning: Citation `bfs' on page 14 undefined on input line 97.


LaTeX Warning: Citation `bfs' on page 14 undefined on input line 97.

[14]

LaTeX Warning: Citation `cormen01introduction' on page 15 undefined on input li
ne 107.


! LaTeX Error: Cannot determine size of graphic in figures/dfs-1.png (no Boundi
ngBox).

See the LaTeX manual or LaTeX Companion for explanation.
Type  H <return>  for immediate help.
 ...                                              
                                                  
l.111 ...[width=0.75\textwidth]{figures/dfs-1.png}
                                                  
Try typing  <return>  to proceed.
If that doesn't work, type  X <return>  to quit.

File: figures/dfs-1.png Graphic file (type eps)
<figures/dfs-1.png>

! LaTeX Error: Cannot determine size of graphic in figures/dfs-2.png (no Boundi
ngBox).

See the LaTeX manual or LaTeX Companion for explanation.
Type  H <return>  for immediate help.
 ...                                              
                                                  
l.118 ...[width=0.75\textwidth]{figures/dfs-2.png}
                                                  
Try typing  <return>  to proceed.
If that doesn't work, type  X <return>  to quit.

File: figures/dfs-2.png Graphic file (type eps)
<figures/dfs-2.png>

! LaTeX Error: Cannot determine size of graphic in figures/dfs-3.png (no Boundi
ngBox).

See the LaTeX manual or LaTeX Companion for explanation.
Type  H <return>  for immediate help.
 ...                                              
                                                  
l.125 ...[width=0.75\textwidth]{figures/dfs-3.png}
                                                  
Try typing  <return>  to proceed.
If that doesn't work, type  X <return>  to quit.

File: figures/dfs-3.png Graphic file (type eps)
<figures/dfs-3.png>

! LaTeX Error: Cannot determine size of graphic in figures/dfs-4.png (no Boundi
ngBox).

See the LaTeX manual or LaTeX Companion for explanation.
Type  H <return>  for immediate help.
 ...                                              
                                                  
l.131 ...[width=0.75\textwidth]{figures/dfs-4.png}
                                                  
Try typing  <return>  to proceed.
If that doesn't work, type  X <return>  to quit.

File: figures/dfs-4.png Graphic file (type eps)
<figures/dfs-4.png>
Underfull \hbox (badness 10000) in paragraph at lines 109--135
[][][]
 []

[15] [16] [17] [18]

! LaTeX Error: Cannot determine size of graphic in figures/inverted_index.png (
no BoundingBox).

See the LaTeX manual or LaTeX Companion for explanation.
Type  H <return>  for immediate help.
 ...                                              
                                                  
l.179 ...s[width=10cm]{figures/inverted_index.png}
                                                  
Try typing  <return>  to proceed.
If that doesn't work, type  X <return>  to quit.

File: figures/inverted_index.png Graphic file (type eps)
<figures/inverted_index.png>

LaTeX Warning: Citation `castillo2005effective' on page 19 undefined on input l
ine 181.


LaTeX Warning: Citation `castillo2005effective' on page 19 undefined on input l
ine 181.

(/usr/share/texlive/texmf-dist/tex/latex/ucs/data/uni-34.def
File: uni-34.def 2013/05/13 UCS: Unicode data U+2200..U+22FF
) [19]
! Font csnameendcsname=ecti1095+20 at 10.95pt not loadable: Metric (TFM) file n
ot found.
<to be read again> 
                   relax 
l.206 \textit{N}
                 = Total number of docuemnts, \textit{tf} = term frequency, ...
I wasn't able to read the size data for this font,
so I will ignore the font specification.
[Wizards can fix TFM files using TFtoPL/PLtoTF.]
You might try inserting a different font spec;
e.g., type `I\font<same font id>=<substitute font name>'.

! Font csnameendcsname=ecti1095-20 at 10.95pt not loadable: Metric (TFM) file n
ot found.
<to be read again> 
                   relax 
l.206 \textit{N}
                 = Total number of docuemnts, \textit{tf} = term frequency, ...
I wasn't able to read the size data for this font,
so I will ignore the font specification.
[Wizards can fix TFM files using TFtoPL/PLtoTF.]
You might try inserting a different font spec;
e.g., type `I\font<same font id>=<substitute font name>'.

[20] (/usr/share/texlive/texmf-dist/tex/latex/ucs/data/uni-0.def
File: uni-0.def 2013/05/13 UCS: Unicode data U+0000..U+00FF
) [21]
! Font csnameendcsname=ecbx0900+20 at 9.0pt not loadable: Metric (TFM) file not
 found.
<to be read again> 
                   relax 
l.248 \textbf{Token}
                     & \textbf{(Doc. ID, BM25 Score)}\T\B
I wasn't able to read the size data for this font,
so I will ignore the font specification.
[Wizards can fix TFM files using TFtoPL/PLtoTF.]
You might try inserting a different font spec;
e.g., type `I\font<same font id>=<substitute font name>'.

! Font csnameendcsname=ecbx0900-20 at 9.0pt not loadable: Metric (TFM) file not
 found.
<to be read again> 
                   relax 
l.248 \textbf{Token}
                     & \textbf{(Doc. ID, BM25 Score)}\T\B
I wasn't able to read the size data for this font,
so I will ignore the font specification.
[Wizards can fix TFM files using TFtoPL/PLtoTF.]
You might try inserting a different font spec;
e.g., type `I\font<same font id>=<substitute font name>'.

[22]

LaTeX Warning: Citation `freiburg2023ir' on page 23 undefined on input line 306
.

[23] (/usr/share/texlive/texmf-dist/tex/latex/ucs/data/uni-32.def
File: uni-32.def 2013/05/13 UCS: Unicode data U+2000..U+20FF
)) [24]
\openout2 = `chapters/4-approach.aux'.


(./chapters/4-approach.tex
chapter 4.

! LaTeX Error: Cannot determine size of graphic in figures/software_arch.png (n
o BoundingBox).

See the LaTeX manual or LaTeX Companion for explanation.
Type  H <return>  for immediate help.
 ...                                              
                                                  
l.12 ...ics[width=10cm]{figures/software_arch.png}
                                                  
Try typing  <return>  to proceed.
If that doesn't work, type  X <return>  to quit.

File: figures/software_arch.png Graphic file (type eps)
<figures/software_arch.png>

LaTeX Warning: `h' float specifier changed to `ht'.

[25





] [26]
Package hyperref Info: bookmark level for unknown algorithm defaults to 0 on in
put line 35.
 [27]

LaTeX Warning: Citation `shkapenyuk2002design' on page 28 undefined on input li
ne 78.

[28] [29]
Underfull \vbox (badness 10000) has occurred while \output is active []

 [30]
[31]
! Font csnameendcsname=ecbi1095+20 at 10.95pt not loadable: Metric (TFM) file n
ot found.
<to be read again> 
                   relax 
l.154 ...textbf{Variable Name (\textit{Optional})}
                                                  : This is an optional shor...
I wasn't able to read the size data for this font,
so I will ignore the font specification.
[Wizards can fix TFM files using TFtoPL/PLtoTF.]
You might try inserting a different font spec;
e.g., type `I\font<same font id>=<substitute font name>'.

! Font csnameendcsname=ecbi1095-20 at 10.95pt not loadable: Metric (TFM) file n
ot found.
<to be read again> 
                   relax 
l.154 ...textbf{Variable Name (\textit{Optional})}
                                                  : This is an optional shor...
I wasn't able to read the size data for this font,
so I will ignore the font specification.
[Wizards can fix TFM files using TFtoPL/PLtoTF.]
You might try inserting a different font spec;
e.g., type `I\font<same font id>=<substitute font name>'.

[32]

! LaTeX Error: Cannot determine size of graphic in figures/demo-3.png (no Bound
ingBox).

See the LaTeX manual or LaTeX Companion for explanation.
Type  H <return>  for immediate help.
 ...                                              
                                                  
l.166 ...egraphics[width=13cm]{figures/demo-3.png}
                                                  
Try typing  <return>  to proceed.
If that doesn't work, type  X <return>  to quit.

File: figures/demo-3.png Graphic file (type eps)
<figures/demo-3.png>

LaTeX Warning: `h' float specifier changed to `ht'.


Underfull \hbox (badness 4181) in paragraph at lines 189--189
[]|\T1/cmr/bx/n/9 Max col-lected
 []


Underfull \hbox (badness 10000) in paragraph at lines 198--198
[]|\T1/cmr/bx/n/9 Robots file
 []


Underfull \hbox (badness 10000) in paragraph at lines 204--204
[]|\T1/cmr/bx/n/9 Links Scope
 []


Underfull \hbox (badness 10000) in paragraph at lines 207--207
[]|\T1/cmr/bx/n/9 Excluded
 []


Underfull \hbox (badness 10000) in paragraph at lines 210--210
[]|\T1/cmr/bx/n/9 Timeout in
 []


! LaTeX Error: Cannot determine size of graphic in figures/demo-8.png (no Bound
ingBox).

See the LaTeX manual or LaTeX Companion for explanation.
Type  H <return>  for immediate help.
 ...                                              
                                                  
l.234 ...egraphics[width=13cm]{figures/demo-8.png}
                                                  
Try typing  <return>  to proceed.
If that doesn't work, type  X <return>  to quit.

File: figures/demo-8.png Graphic file (type eps)
<figures/demo-8.png>

LaTeX Warning: `h' float specifier changed to `ht'.

[33]

! LaTeX Error: Cannot determine size of graphic in figures/demo-10.png (no Boun
dingBox).

See the LaTeX manual or LaTeX Companion for explanation.
Type  H <return>  for immediate help.
 ...                                              
                                                  
l.246 ...graphics[width=13cm]{figures/demo-10.png}
                                                  
Try typing  <return>  to proceed.
If that doesn't work, type  X <return>  to quit.

File: figures/demo-10.png Graphic file (type eps)
<figures/demo-10.png>

LaTeX Warning: `h' float specifier changed to `ht'.


Underfull \vbox (badness 1448) has occurred while \output is active []

 [34]
Underfull \hbox (badness 10000) in paragraph at lines 279--279
[]|\T1/cmr/bx/n/9 Small Words
 []


Underfull \hbox (badness 7030) in paragraph at lines 282--282
[]|\T1/cmr/bx/n/9 Weight words
 []


Underfull \hbox (badness 1286) in paragraph at lines 282--284
[]|\T1/cmr/m/n/9 Boost some words and pun-ish other by giv-ing them weight, e.g
.
 []


Underfull \hbox (badness 10000) in paragraph at lines 285--285
[]|\T1/cmr/bx/n/9 Boosting for-
 []


Underfull \hbox (badness 1577) in paragraph at lines 288--288
[]|\T1/cmr/bx/n/9 Dictionary file
 []


Underfull \hbox (badness 4441) in paragraph at lines 294--296
[]|\T1/cmr/m/n/9 How many let-ters should the word be split to, for ex-am-ple
 []


Underfull \vbox (badness 1448) has occurred while \output is active []

 [35]
Underfull \vbox (badness 3428) has occurred while \output is active []

 [36]

! LaTeX Error: Cannot determine size of graphic in figures/demo-12.png (no Boun
dingBox).

See the LaTeX manual or LaTeX Companion for explanation.
Type  H <return>  for immediate help.
 ...                                              
                                                  
l.310 ...graphics[width=13cm]{figures/demo-12.png}
                                                  
Try typing  <return>  to proceed.
If that doesn't work, type  X <return>  to quit.

File: figures/demo-12.png Graphic file (type eps)
<figures/demo-12.png>) [37] [38] [39] [40]
\openout2 = `chapters/5-experiments.aux'.

 (./chapters/5-experiments.tex
chapter 5.
[41





] [42] [43]
Underfull \hbox (badness 4193) in paragraph at lines 121--121
[]|\T1/cmr/bx/n/9 Docs & Con-
 []

[44]

LaTeX Warning: Citation `shkapenyuk2002design' on page 45 undefined on input li
ne 140.

(/usr/share/texlive/texmf-dist/tex/latex/listings/lstlang1.sty
File: lstlang1.sty 2020/03/24 1.8d listings language file
)
(/usr/share/texlive/texmf-dist/tex/latex/listings/lstmisc.sty
File: lstmisc.sty 2020/03/24 1.8d (Carsten Heinz)
) [45]
Overfull \hbox (7.7122pt too wide) in paragraph at lines 183--183
  [][][][][][][][][]| 
 []

[46] [47]
Underfull \hbox (badness 4193) in paragraph at lines 251--251
[]|\T1/cmr/bx/n/9 Docs & Con-
 []


Underfull \hbox (badness 4193) in paragraph at lines 323--323
[]|\T1/cmr/bx/n/9 Docs & Con-
 []

[48]

! LaTeX Error: Cannot determine size of graphic in figures/threads-table.png (n
o BoundingBox).

See the LaTeX manual or LaTeX Companion for explanation.
Type  H <return>  for immediate help.
 ...                                              
                                                  
l.345 ...cs[width=13cm]{figures/threads-table.png}
                                                  
Try typing  <return>  to proceed.
If that doesn't work, type  X <return>  to quit.

File: figures/threads-table.png Graphic file (type eps)
<figures/threads-table.png>
Underfull \vbox (badness 10000) has occurred while \output is active []

 [49]

! LaTeX Error: Cannot determine size of graphic in figures/threads_share.png (n
o BoundingBox).

See the LaTeX manual or LaTeX Companion for explanation.
Type  H <return>  for immediate help.
 ...                                              
                                                  
l.357 ...cs[width=13cm]{figures/threads_share.png}
                                                  
Try typing  <return>  to proceed.
If that doesn't work, type  X <return>  to quit.

File: figures/threads_share.png Graphic file (type eps)
<figures/threads_share.png>
Underfull \vbox (badness 1337) has occurred while \output is active []

 [50]
[51]
Overfull \hbox (57.92406pt too wide) in paragraph at lines 372--374
[]|[][][][][][]| 
 []


Overfull \hbox (17.12422pt too wide) in paragraph at lines 416--421
[]|[]| 
 []


Overfull \hbox (5.41129pt too wide) in paragraph at lines 423--428
[]|[]| 
 []


Underfull \hbox (badness 4193) in paragraph at lines 432--432
[]|\T1/cmr/bx/n/9 Docs & Con-
 []


Overfull \hbox (17.77933pt too wide) in paragraph at lines 433--438
[]|[]| 
 []

[52]
Underfull \vbox (badness 1389) has occurred while \output is active []

 [53]
Overfull \hbox (17.12422pt too wide) in paragraph at lines 514--519
[]|[]| 
 []


Overfull \hbox (5.41129pt too wide) in paragraph at lines 521--526
[]|[]| 
 []


Underfull \hbox (badness 4193) in paragraph at lines 530--530
[]|\T1/cmr/bx/n/9 Docs & Con-
 []


Overfull \hbox (17.77933pt too wide) in paragraph at lines 531--536
[]|[]| 
 []

[54] [55]
Overfull \hbox (17.12422pt too wide) in paragraph at lines 608--613
[]|[]| 
 []


Overfull \hbox (5.41129pt too wide) in paragraph at lines 615--620
[]|[]| 
 []


Underfull \hbox (badness 4193) in paragraph at lines 624--624
[]|\T1/cmr/bx/n/9 Docs & Con-
 []


Overfull \hbox (17.77933pt too wide) in paragraph at lines 625--630
[]|[]| 
 []

[56]
Overfull \hbox (17.12422pt too wide) in paragraph at lines 653--658
[]|[]| 
 []


Overfull \hbox (5.41129pt too wide) in paragraph at lines 660--665
[]|[]| 
 []


Underfull \hbox (badness 4193) in paragraph at lines 669--669
[]|\T1/cmr/bx/n/9 Docs & Con-
 []


Overfull \hbox (17.77933pt too wide) in paragraph at lines 670--675
[]|[]| 
 []

[57] [58]
Underfull \hbox (badness 10000) in paragraph at lines 768--768
[]|\T1/cmr/bx/n/9 Small Words
 []


Underfull \hbox (badness 10000) in paragraph at lines 774--774
[]|\T1/cmr/bx/n/9 Boosting For-
 []

[59]
Underfull \hbox (badness 10000) in paragraph at lines 809--809
[]|\T1/cmr/bx/n/9 Small Words
 []


Underfull \hbox (badness 10000) in paragraph at lines 815--815
[]|\T1/cmr/bx/n/9 Boosting For-
 []


Underfull \hbox (badness 10000) in paragraph at lines 847--847
[]|\T1/cmr/bx/n/9 Small Words
 []


Underfull \hbox (badness 10000) in paragraph at lines 853--853
[]|\T1/cmr/bx/n/9 Boosting For-
 []

[60]
Underfull \hbox (badness 10000) in paragraph at lines 891--891
[]|\T1/cmr/bx/n/9 Small Words
 []


Underfull \hbox (badness 10000) in paragraph at lines 897--897
[]|\T1/cmr/bx/n/9 Boosting For-
 []

[61]
Underfull \hbox (badness 10000) in paragraph at lines 929--929
[]|\T1/cmr/bx/n/9 Small Words
 []


Underfull \hbox (badness 10000) in paragraph at lines 935--935
[]|\T1/cmr/bx/n/9 Boosting For-
 []

[62] [63])
\BKM@file=\write9
\openout9 = `thesis_main.out.ps'.

 [64]
\openout2 = `chapters/6-conclusions.aux'.

 (./chapters/6-conclusions.tex
chapter 6.
) [65





]
\openout2 = `chapters/7-acknowledgments.aux'.

 (./chapters/7-acknowledgments.tex [66





]
chapter 7.
) [67]
No file thesis_main.bbl.
[68


] (./thesis_main.aux (./chapters/0_0-titlepage.aux)
(./chapters/0_1-declaration.aux) (./chapters/0_2-abstract.aux)
(./chapters/1-introduction.aux) (./chapters/2-relatedwork.aux)
(./chapters/3-background.aux) (./chapters/4-approach.aux)
(./chapters/5-experiments.aux) (./chapters/6-conclusions.aux)
(./chapters/7-acknowledgments.aux))

LaTeX Warning: There were undefined references.


LaTeX Warning: There were multiply-defined labels.

Package rerunfilecheck Info: File `thesis_main.out' has not changed.
(rerunfilecheck)             Checksum: D41D8CD98F00B204E9800998ECF8427E;0.
 )
(\end occurred inside a group at level 1)

### simple group (level 1) entered at line 36 ({)
### bottom level 
Here is how much of TeX's memory you used:
 31979 strings out of 480130
 604872 string characters out of 5893436
 1189552 words of memory out of 5000000
 49161 multiletter control sequences out of 15000+600000
 500765 words of font info for 111 fonts, out of 8000000 for 9000
 81 hyphenation exceptions out of 8191
 108i,19n,106p,10606b,1437s stack positions out of 5000i,500n,10000p,200000b,80000s

Output written on thesis_main.dvi (82 pages, 336864 bytes).
